--------------- Rebuild Started: 07/14/2018 10:46:45 Project: Uno_blocks, Configuration: ARM GCC 5.4-2016-q2-update Release ---------------
Deleting file ".\CortexM3\ARM_GCC_541\Release\itoa.o"
Deleting file ".\CortexM3\ARM_GCC_541\Release\Arduino_Advanced_IO.o"
Deleting file ".\CortexM3\ARM_GCC_541\Release\Arduino_Analog_In.o"
Deleting file ".\CortexM3\ARM_GCC_541\Release\Arduino_Analog_Out.o"
Deleting file ".\CortexM3\ARM_GCC_541\Release\Arduino_HW_Interrupt.o"
Deleting file ".\CortexM3\ARM_GCC_541\Release\Arduino_Pins.o"
Deleting file ".\CortexM3\ARM_GCC_541\Release\Arduino_Random.o"
Deleting file ".\CortexM3\ARM_GCC_541\Release\Arduino_Serial.o"
Deleting file ".\CortexM3\ARM_GCC_541\Release\Arduino_Time.o"
Deleting file ".\CortexM3\ARM_GCC_541\Release\Arduino_Tone.o"
Deleting file ".\CortexM3\ARM_GCC_541\Release\Print.o"
Deleting file ".\CortexM3\ARM_GCC_541\Release\Stream.o"
Deleting file ".\CortexM3\ARM_GCC_541\Release\UARTClass.o"
Deleting file ".\CortexM3\ARM_GCC_541\Release\WString.o"
Deleting file ".\CortexM3\ARM_GCC_541\Release\dtostrf.o"
Deleting file ".\CortexM3\ARM_GCC_541\Release\main.o"
Deleting file ".\CortexM3\ARM_GCC_541\Release\sketch.o"
Deleting file ".\CortexM3\ARM_GCC_541\Release\IPAddress.o"
Deleting file ".\CortexM3\ARM_GCC_541\Release\Arduino_Math.o"
Deleting file ".\CortexM3\ARM_GCC_541\Release\Arduino_I2C.o"
Deleting file ".\CortexM3\ARM_GCC_541\Release\SPI.o"
Deleting file ".\CortexM3\ARM_GCC_541\Release\Servo.o"
Deleting file ".\CortexM3\ARM_GCC_541\Release\WS281x.o"
Deleting file ".\CortexM3\ARM_GCC_541\Release\cyfitter_cfg.o"
Deleting file ".\CortexM3\ARM_GCC_541\Release\cybootloader.o"
Deleting file ".\CortexM3\ARM_GCC_541\Release\cymetadata.o"
Deleting file ".\CortexM3\ARM_GCC_541\Release\ADC.o"
Deleting file ".\CortexM3\ARM_GCC_541\Release\ADC_INT.o"
Deleting file ".\CortexM3\ARM_GCC_541\Release\ADC_PM.o"
Deleting file ".\CortexM3\ARM_GCC_541\Release\ADC_Mux.o"
Deleting file ".\CortexM3\ARM_GCC_541\Release\I2C.o"
Deleting file ".\CortexM3\ARM_GCC_541\Release\I2C_BOOT.o"
Deleting file ".\CortexM3\ARM_GCC_541\Release\I2C_INT.o"
Deleting file ".\CortexM3\ARM_GCC_541\Release\I2C_PM.o"
Deleting file ".\CortexM3\ARM_GCC_541\Release\I2C_SLAVE.o"
Deleting file ".\CortexM3\ARM_GCC_541\Release\I2C_MASTER.o"
Deleting file ".\CortexM3\ARM_GCC_541\Release\D10_Ctrl.o"
Deleting file ".\CortexM3\ARM_GCC_541\Release\D10_Ctrl_PM.o"
Deleting file ".\CortexM3\ARM_GCC_541\Release\D11_Ctrl.o"
Deleting file ".\CortexM3\ARM_GCC_541\Release\D11_Ctrl_PM.o"
Deleting file ".\CortexM3\ARM_GCC_541\Release\SPIM.o"
Deleting file ".\CortexM3\ARM_GCC_541\Release\SPIM_PM.o"
Deleting file ".\CortexM3\ARM_GCC_541\Release\SPIM_INT.o"
Deleting file ".\CortexM3\ARM_GCC_541\Release\PRS.o"
Deleting file ".\CortexM3\ARM_GCC_541\Release\PRS_PM.o"
Deleting file ".\CortexM3\ARM_GCC_541\Release\ToneTimer.o"
Deleting file ".\CortexM3\ARM_GCC_541\Release\ToneTimer_PM.o"
Deleting file ".\CortexM3\ARM_GCC_541\Release\Micros_Counter.o"
Deleting file ".\CortexM3\ARM_GCC_541\Release\Micros_Counter_PM.o"
Deleting file ".\CortexM3\ARM_GCC_541\Release\Tone_Interrupt.o"
Deleting file ".\CortexM3\ARM_GCC_541\Release\Millis_Counter.o"
Deleting file ".\CortexM3\ARM_GCC_541\Release\Millis_Counter_PM.o"
Deleting file ".\CortexM3\ARM_GCC_541\Release\Clock_3.o"
Deleting file ".\CortexM3\ARM_GCC_541\Release\I2C_Enable.o"
Deleting file ".\CortexM3\ARM_GCC_541\Release\I2C_Enable_PM.o"
Deleting file ".\CortexM3\ARM_GCC_541\Release\USBUART.o"
Deleting file ".\CortexM3\ARM_GCC_541\Release\USBUART_audio.o"
Deleting file ".\CortexM3\ARM_GCC_541\Release\USBUART_boot.o"
Deleting file ".\CortexM3\ARM_GCC_541\Release\USBUART_cdc.o"
Deleting file ".\CortexM3\ARM_GCC_541\Release\USBUART_cls.o"
Deleting file ".\CortexM3\ARM_GCC_541\Release\USBUART_descr.o"
Deleting file ".\CortexM3\ARM_GCC_541\Release\USBUART_drv.o"
Deleting file ".\CortexM3\ARM_GCC_541\Release\USBUART_episr.o"
Deleting file ".\CortexM3\ARM_GCC_541\Release\USBUART_hid.o"
Deleting file ".\CortexM3\ARM_GCC_541\Release\USBUART_pm.o"
Deleting file ".\CortexM3\ARM_GCC_541\Release\USBUART_std.o"
Deleting file ".\CortexM3\ARM_GCC_541\Release\USBUART_vnd.o"
Deleting file ".\CortexM3\ARM_GCC_541\Release\USBUART_midi.o"
Deleting file ".\CortexM3\ARM_GCC_541\Release\USBUART_msc.o"
Deleting file ".\CortexM3\ARM_GCC_541\Release\UART.o"
Deleting file ".\CortexM3\ARM_GCC_541\Release\UART_PM.o"
Deleting file ".\CortexM3\ARM_GCC_541\Release\UART_INT.o"
Deleting file ".\CortexM3\ARM_GCC_541\Release\UART_BOOT.o"
Deleting file ".\CortexM3\ARM_GCC_541\Release\UART_Clock.o"
Deleting file ".\CortexM3\ARM_GCC_541\Release\HW_INT.o"
Deleting file ".\CortexM3\ARM_GCC_541\Release\SPI_Clock_In.o"
Deleting file ".\CortexM3\ARM_GCC_541\Release\SPI_MODE_REG.o"
Deleting file ".\CortexM3\ARM_GCC_541\Release\SPI_MODE_REG_PM.o"
Deleting file ".\CortexM3\ARM_GCC_541\Release\SPI_SS_Stretch.o"
Deleting file ".\CortexM3\ARM_GCC_541\Release\SPI_SS_Stretch_PM.o"
Deleting file ".\CortexM3\ARM_GCC_541\Release\UserButton.o"
Deleting file ".\CortexM3\ARM_GCC_541\Release\DA.o"
Deleting file ".\CortexM3\ARM_GCC_541\Release\ServoInterrupt.o"
Deleting file ".\CortexM3\ARM_GCC_541\Release\Clock_12.o"
Deleting file ".\CortexM3\ARM_GCC_541\Release\ServoCounter.o"
Deleting file ".\CortexM3\ARM_GCC_541\Release\ServoCounter_PM.o"
Deleting file ".\CortexM3\ARM_GCC_541\Release\BootloaderResetTimer.o"
Deleting file ".\CortexM3\ARM_GCC_541\Release\BootloaderResetTimer_PM.o"
Deleting file ".\CortexM3\ARM_GCC_541\Release\BootloaderResetInterrupt.o"
Deleting file ".\CortexM3\ARM_GCC_541\Release\WSDriver.o"
Deleting file ".\CortexM3\ARM_GCC_541\Release\WSDriver_fonts.o"
Deleting file ".\CortexM3\ARM_GCC_541\Release\Clock_2.o"
Deleting file ".\CortexM3\ARM_GCC_541\Release\PWM_Reg_3.o"
Deleting file ".\CortexM3\ARM_GCC_541\Release\PWM_Reg_3_PM.o"
Deleting file ".\CortexM3\ARM_GCC_541\Release\PWM_Reg_5.o"
Deleting file ".\CortexM3\ARM_GCC_541\Release\PWM_Reg_5_PM.o"
Deleting file ".\CortexM3\ARM_GCC_541\Release\PWM_Reg_6.o"
Deleting file ".\CortexM3\ARM_GCC_541\Release\PWM_Reg_6_PM.o"
Deleting file ".\CortexM3\ARM_GCC_541\Release\PWM_Reg_9.o"
Deleting file ".\CortexM3\ARM_GCC_541\Release\PWM_Reg_9_PM.o"
Deleting file ".\CortexM3\ARM_GCC_541\Release\PWM_Reg_10.o"
Deleting file ".\CortexM3\ARM_GCC_541\Release\PWM_Reg_10_PM.o"
Deleting file ".\CortexM3\ARM_GCC_541\Release\PWM_Reg_11.o"
Deleting file ".\CortexM3\ARM_GCC_541\Release\PWM_Reg_11_PM.o"
Deleting file ".\CortexM3\ARM_GCC_541\Release\Clock_5.o"
Deleting file ".\CortexM3\ARM_GCC_541\Release\Bootloadable.o"
Deleting file ".\CortexM3\ARM_GCC_541\Release\ADC_IRQ.o"
Deleting file ".\CortexM3\ARM_GCC_541\Release\ADC_theACLK.o"
Deleting file ".\CortexM3\ARM_GCC_541\Release\USBUART_Dm.o"
Deleting file ".\CortexM3\ARM_GCC_541\Release\USBUART_Dp.o"
Deleting file ".\CortexM3\ARM_GCC_541\Release\WSDriver_Clock.o"
Deleting file ".\CortexM3\ARM_GCC_541\Release\WSDriver_StringSel.o"
Deleting file ".\CortexM3\ARM_GCC_541\Release\WSDriver_StringSel_PM.o"
Deleting file ".\CortexM3\ARM_GCC_541\Release\WSDriver_fisr.o"
Deleting file ".\CortexM3\ARM_GCC_541\Release\WSDriver_cisr.o"
Deleting file ".\CortexM3\ARM_GCC_541\Release\cy_em_eeprom.o"
Deleting file ".\CortexM3\ARM_GCC_541\Release\Cm3Start.o"
Deleting file ".\CortexM3\ARM_GCC_541\Release\CyBootAsmGnu.o"
Deleting file ".\CortexM3\ARM_GCC_541\Release\CyDmac.o"
Deleting file ".\CortexM3\ARM_GCC_541\Release\CyFlash.o"
Deleting file ".\CortexM3\ARM_GCC_541\Release\CyLib.o"
Deleting file ".\CortexM3\ARM_GCC_541\Release\cyPm.o"
Deleting file ".\CortexM3\ARM_GCC_541\Release\CySpc.o"
Deleting file ".\CortexM3\ARM_GCC_541\Release\cyutils.o"
Deleting file ".\CortexM3\ARM_GCC_541\Release\Uno_blocks.hex"
Deleting file ".\CortexM3\ARM_GCC_541\Release\Uno_blocks.elf"
Deleting file ".\CortexM3\ARM_GCC_541\Release\Uno_blocks.map"
Deleting file ".\CortexM3\ARM_GCC_541\Release\Uno_blocks.cyacd"
Deleting file ".\Uno_blocks.cycdx"
Deleting file ".\Uno_blocks.svd"
Deleting file ".\Uno_blocks.rpt"
Deleting file ".\Uno_blocks_timing.html"
Deleting file ".\CortexM3\ARM_GCC_541\Release\.deps\SOURCE_C__ARM_GCC_GENERIC.P"
Deleting file ".\CortexM3\ARM_GCC_541\Release\.deps\SOURCE_ASM__ARM_GCC_GENERIC.P"
cydsfit.exe -.appdatapath "C:\Users\fm\AppData\Local\Cypress Semiconductor\PSoC Creator\4.2" -.fdsnotice -.fdswarpdepfile=warp_dependencies.txt -.fdselabdepfile=elab_dependencies.txt -.fdsbldfile=generated_files.txt -.fdsreffile=referenced_files.txt -p "C:\Users\fm\Documents\PSoC Creator\PSoC_Arduino_Support-master\PSoC_Arduino_Support-master\Uno_blocks.cydsn\Uno_blocks.cyprj" -d CY8C5888AXI-LP096 -s "C:\Users\fm\Documents\PSoC Creator\PSoC_Arduino_Support-master\PSoC_Arduino_Support-master\Uno_blocks.cydsn\Generated_Source\PSoC5" -- -yv2 -q10 -ygs -o2 -v3 -.fftcfgtype=LE
Elaborating Design...
HDL Generation...
Synthesis...
Tech Mapping...
Info: plm.M0038: The pin named DB(0) at location P12[4] prevents usage of special purposes: I2C:SCL. (App=cydsfit)
Info: plm.M0038: The pin named P12(0) at location P12[0] prevents usage of special purposes: I2C:SCL. (App=cydsfit)
Analog Placement...
Log: apr.M0058: The analog placement iterative improvement is 31% done. (App=cydsfit)
Log: apr.M0058: The analog placement iterative improvement is 79% done. (App=cydsfit)
Analog Routing...
Analog Code Generation...
Digital Placement...
Digital Routing...
Bitstream Generation...
Bitstream Verification...
Static timing analysis...
API Generation...
Dependency Generation...
Cleanup...
arm-none-eabi-gcc.exe -mcpu=cortex-m3 -mthumb -I.\core -I.\Libraries\SPI -I.\Libraries\Wire -I.\Libraries\APDS9960 -I.\Libraries\MicroOLED -I.\Libraries\WiFi\src -I.\Libraries\Servo -I.\Libraries\WS281x -I. -IGenerated_Source\PSoC5 -Wa,-alh=.\CortexM3\ARM_GCC_541\Release/itoa.lst -g -D NDEBUG -Wall -ffunction-sections -ffat-lto-objects -finline-functions -flto -Os -c core\itoa.c -o .\CortexM3\ARM_GCC_541\Release\itoa.o
arm-none-eabi-gcc.exe -mcpu=cortex-m3 -mthumb -I.\core -I.\Libraries\SPI -I.\Libraries\Wire -I.\Libraries\APDS9960 -I.\Libraries\MicroOLED -I.\Libraries\WiFi\src -I.\Libraries\Servo -I.\Libraries\WS281x -I. -IGenerated_Source\PSoC5 -Wa,-alh=.\CortexM3\ARM_GCC_541\Release/Arduino_Advanced_IO.lst -g -D NDEBUG -Wall -ffunction-sections -ffat-lto-objects -finline-functions -flto -Os -x c++ -c core\Arduino_Advanced_IO.cpp -o .\CortexM3\ARM_GCC_541\Release\Arduino_Advanced_IO.o
arm-none-eabi-gcc.exe -mcpu=cortex-m3 -mthumb -I.\core -I.\Libraries\SPI -I.\Libraries\Wire -I.\Libraries\APDS9960 -I.\Libraries\MicroOLED -I.\Libraries\WiFi\src -I.\Libraries\Servo -I.\Libraries\WS281x -I. -IGenerated_Source\PSoC5 -Wa,-alh=.\CortexM3\ARM_GCC_541\Release/Arduino_Analog_In.lst -g -D NDEBUG -Wall -ffunction-sections -ffat-lto-objects -finline-functions -flto -Os -x c++ -c core\Arduino_Analog_In.cpp -o .\CortexM3\ARM_GCC_541\Release\Arduino_Analog_In.o
arm-none-eabi-gcc.exe -mcpu=cortex-m3 -mthumb -I.\core -I.\Libraries\SPI -I.\Libraries\Wire -I.\Libraries\APDS9960 -I.\Libraries\MicroOLED -I.\Libraries\WiFi\src -I.\Libraries\Servo -I.\Libraries\WS281x -I. -IGenerated_Source\PSoC5 -Wa,-alh=.\CortexM3\ARM_GCC_541\Release/Arduino_Analog_Out.lst -g -D NDEBUG -Wall -ffunction-sections -ffat-lto-objects -finline-functions -flto -Os -x c++ -c core\Arduino_Analog_Out.cpp -o .\CortexM3\ARM_GCC_541\Release\Arduino_Analog_Out.o
arm-none-eabi-gcc.exe -mcpu=cortex-m3 -mthumb -I.\core -I.\Libraries\SPI -I.\Libraries\Wire -I.\Libraries\APDS9960 -I.\Libraries\MicroOLED -I.\Libraries\WiFi\src -I.\Libraries\Servo -I.\Libraries\WS281x -I. -IGenerated_Source\PSoC5 -Wa,-alh=.\CortexM3\ARM_GCC_541\Release/Arduino_HW_Interrupt.lst -g -D NDEBUG -Wall -ffunction-sections -ffat-lto-objects -finline-functions -flto -Os -x c++ -c core\Arduino_HW_Interrupt.cpp -o .\CortexM3\ARM_GCC_541\Release\Arduino_HW_Interrupt.o
arm-none-eabi-gcc.exe -mcpu=cortex-m3 -mthumb -I.\core -I.\Libraries\SPI -I.\Libraries\Wire -I.\Libraries\APDS9960 -I.\Libraries\MicroOLED -I.\Libraries\WiFi\src -I.\Libraries\Servo -I.\Libraries\WS281x -I. -IGenerated_Source\PSoC5 -Wa,-alh=.\CortexM3\ARM_GCC_541\Release/Arduino_Pins.lst -g -D NDEBUG -Wall -ffunction-sections -ffat-lto-objects -finline-functions -flto -Os -x c++ -c core\Arduino_Pins.cpp -o .\CortexM3\ARM_GCC_541\Release\Arduino_Pins.o
arm-none-eabi-gcc.exe -mcpu=cortex-m3 -mthumb -I.\core -I.\Libraries\SPI -I.\Libraries\Wire -I.\Libraries\APDS9960 -I.\Libraries\MicroOLED -I.\Libraries\WiFi\src -I.\Libraries\Servo -I.\Libraries\WS281x -I. -IGenerated_Source\PSoC5 -Wa,-alh=.\CortexM3\ARM_GCC_541\Release/Arduino_Random.lst -g -D NDEBUG -Wall -ffunction-sections -ffat-lto-objects -finline-functions -flto -Os -x c++ -c core\Arduino_Random.cpp -o .\CortexM3\ARM_GCC_541\Release\Arduino_Random.o
arm-none-eabi-gcc.exe -mcpu=cortex-m3 -mthumb -I.\core -I.\Libraries\SPI -I.\Libraries\Wire -I.\Libraries\APDS9960 -I.\Libraries\MicroOLED -I.\Libraries\WiFi\src -I.\Libraries\Servo -I.\Libraries\WS281x -I. -IGenerated_Source\PSoC5 -Wa,-alh=.\CortexM3\ARM_GCC_541\Release/Arduino_Serial.lst -g -D NDEBUG -Wall -ffunction-sections -ffat-lto-objects -finline-functions -flto -Os -x c++ -c core\Arduino_Serial.cpp -o .\CortexM3\ARM_GCC_541\Release\Arduino_Serial.o
arm-none-eabi-gcc.exe -mcpu=cortex-m3 -mthumb -I.\core -I.\Libraries\SPI -I.\Libraries\Wire -I.\Libraries\APDS9960 -I.\Libraries\MicroOLED -I.\Libraries\WiFi\src -I.\Libraries\Servo -I.\Libraries\WS281x -I. -IGenerated_Source\PSoC5 -Wa,-alh=.\CortexM3\ARM_GCC_541\Release/Arduino_Time.lst -g -D NDEBUG -Wall -ffunction-sections -ffat-lto-objects -finline-functions -flto -Os -x c++ -c core\Arduino_Time.cpp -o .\CortexM3\ARM_GCC_541\Release\Arduino_Time.o
arm-none-eabi-gcc.exe -mcpu=cortex-m3 -mthumb -I.\core -I.\Libraries\SPI -I.\Libraries\Wire -I.\Libraries\APDS9960 -I.\Libraries\MicroOLED -I.\Libraries\WiFi\src -I.\Libraries\Servo -I.\Libraries\WS281x -I. -IGenerated_Source\PSoC5 -Wa,-alh=.\CortexM3\ARM_GCC_541\Release/Arduino_Tone.lst -g -D NDEBUG -Wall -ffunction-sections -ffat-lto-objects -finline-functions -flto -Os -x c++ -c core\Arduino_Tone.cpp -o .\CortexM3\ARM_GCC_541\Release\Arduino_Tone.o
arm-none-eabi-gcc.exe -mcpu=cortex-m3 -mthumb -I.\core -I.\Libraries\SPI -I.\Libraries\Wire -I.\Libraries\APDS9960 -I.\Libraries\MicroOLED -I.\Libraries\WiFi\src -I.\Libraries\Servo -I.\Libraries\WS281x -I. -IGenerated_Source\PSoC5 -Wa,-alh=.\CortexM3\ARM_GCC_541\Release/Print.lst -g -D NDEBUG -Wall -ffunction-sections -ffat-lto-objects -finline-functions -flto -Os -x c++ -c core\Print.cpp -o .\CortexM3\ARM_GCC_541\Release\Print.o
arm-none-eabi-gcc.exe -mcpu=cortex-m3 -mthumb -I.\core -I.\Libraries\SPI -I.\Libraries\Wire -I.\Libraries\APDS9960 -I.\Libraries\MicroOLED -I.\Libraries\WiFi\src -I.\Libraries\Servo -I.\Libraries\WS281x -I. -IGenerated_Source\PSoC5 -Wa,-alh=.\CortexM3\ARM_GCC_541\Release/Stream.lst -g -D NDEBUG -Wall -ffunction-sections -ffat-lto-objects -finline-functions -flto -Os -x c++ -c core\Stream.cpp -o .\CortexM3\ARM_GCC_541\Release\Stream.o
arm-none-eabi-gcc.exe -mcpu=cortex-m3 -mthumb -I.\core -I.\Libraries\SPI -I.\Libraries\Wire -I.\Libraries\APDS9960 -I.\Libraries\MicroOLED -I.\Libraries\WiFi\src -I.\Libraries\Servo -I.\Libraries\WS281x -I. -IGenerated_Source\PSoC5 -Wa,-alh=.\CortexM3\ARM_GCC_541\Release/UARTClass.lst -g -D NDEBUG -Wall -ffunction-sections -ffat-lto-objects -finline-functions -flto -Os -x c++ -c core\UARTClass.cpp -o .\CortexM3\ARM_GCC_541\Release\UARTClass.o
arm-none-eabi-gcc.exe -mcpu=cortex-m3 -mthumb -I.\core -I.\Libraries\SPI -I.\Libraries\Wire -I.\Libraries\APDS9960 -I.\Libraries\MicroOLED -I.\Libraries\WiFi\src -I.\Libraries\Servo -I.\Libraries\WS281x -I. -IGenerated_Source\PSoC5 -Wa,-alh=.\CortexM3\ARM_GCC_541\Release/WString.lst -g -D NDEBUG -Wall -ffunction-sections -ffat-lto-objects -finline-functions -flto -Os -x c++ -c core\WString.cpp -o .\CortexM3\ARM_GCC_541\Release\WString.o
arm-none-eabi-gcc.exe -mcpu=cortex-m3 -mthumb -I.\core -I.\Libraries\SPI -I.\Libraries\Wire -I.\Libraries\APDS9960 -I.\Libraries\MicroOLED -I.\Libraries\WiFi\src -I.\Libraries\Servo -I.\Libraries\WS281x -I. -IGenerated_Source\PSoC5 -Wa,-alh=.\CortexM3\ARM_GCC_541\Release/dtostrf.lst -g -D NDEBUG -Wall -ffunction-sections -ffat-lto-objects -finline-functions -flto -Os -c core\avr\dtostrf.c -o .\CortexM3\ARM_GCC_541\Release\dtostrf.o
arm-none-eabi-gcc.exe -mcpu=cortex-m3 -mthumb -I.\core -I.\Libraries\SPI -I.\Libraries\Wire -I.\Libraries\APDS9960 -I.\Libraries\MicroOLED -I.\Libraries\WiFi\src -I.\Libraries\Servo -I.\Libraries\WS281x -I. -IGenerated_Source\PSoC5 -Wa,-alh=.\CortexM3\ARM_GCC_541\Release/main.lst -g -D NDEBUG -Wall -ffunction-sections -ffat-lto-objects -finline-functions -flto -Os -x c++ -c main.cpp -o .\CortexM3\ARM_GCC_541\Release\main.o
arm-none-eabi-gcc.exe -mcpu=cortex-m3 -mthumb -I.\core -I.\Libraries\SPI -I.\Libraries\Wire -I.\Libraries\APDS9960 -I.\Libraries\MicroOLED -I.\Libraries\WiFi\src -I.\Libraries\Servo -I.\Libraries\WS281x -I. -IGenerated_Source\PSoC5 -Wa,-alh=.\CortexM3\ARM_GCC_541\Release/sketch.lst -g -D NDEBUG -Wall -ffunction-sections -ffat-lto-objects -finline-functions -flto -Os -x c++ -c sketch.cpp -o .\CortexM3\ARM_GCC_541\Release\sketch.o
arm-none-eabi-gcc.exe -mcpu=cortex-m3 -mthumb -I.\core -I.\Libraries\SPI -I.\Libraries\Wire -I.\Libraries\APDS9960 -I.\Libraries\MicroOLED -I.\Libraries\WiFi\src -I.\Libraries\Servo -I.\Libraries\WS281x -I. -IGenerated_Source\PSoC5 -Wa,-alh=.\CortexM3\ARM_GCC_541\Release/IPAddress.lst -g -D NDEBUG -Wall -ffunction-sections -ffat-lto-objects -finline-functions -flto -Os -x c++ -c core\IPAddress.cpp -o .\CortexM3\ARM_GCC_541\Release\IPAddress.o
arm-none-eabi-gcc.exe -mcpu=cortex-m3 -mthumb -I.\core -I.\Libraries\SPI -I.\Libraries\Wire -I.\Libraries\APDS9960 -I.\Libraries\MicroOLED -I.\Libraries\WiFi\src -I.\Libraries\Servo -I.\Libraries\WS281x -I. -IGenerated_Source\PSoC5 -Wa,-alh=.\CortexM3\ARM_GCC_541\Release/Arduino_Math.lst -g -D NDEBUG -Wall -ffunction-sections -ffat-lto-objects -finline-functions -flto -Os -x c++ -c core\Arduino_Math.cpp -o .\CortexM3\ARM_GCC_541\Release\Arduino_Math.o
arm-none-eabi-gcc.exe -mcpu=cortex-m3 -mthumb -I.\core -I.\Libraries\SPI -I.\Libraries\Wire -I.\Libraries\APDS9960 -I.\Libraries\MicroOLED -I.\Libraries\WiFi\src -I.\Libraries\Servo -I.\Libraries\WS281x -I. -IGenerated_Source\PSoC5 -Wa,-alh=.\CortexM3\ARM_GCC_541\Release/Arduino_I2C.lst -g -D NDEBUG -Wall -ffunction-sections -ffat-lto-objects -finline-functions -flto -Os -x c++ -c Libraries\Wire\Arduino_I2C.cpp -o .\CortexM3\ARM_GCC_541\Release\Arduino_I2C.o
arm-none-eabi-gcc.exe -mcpu=cortex-m3 -mthumb -I.\core -I.\Libraries\SPI -I.\Libraries\Wire -I.\Libraries\APDS9960 -I.\Libraries\MicroOLED -I.\Libraries\WiFi\src -I.\Libraries\Servo -I.\Libraries\WS281x -I. -IGenerated_Source\PSoC5 -Wa,-alh=.\CortexM3\ARM_GCC_541\Release/SPI.lst -g -D NDEBUG -Wall -ffunction-sections -ffat-lto-objects -finline-functions -flto -Os -x c++ -c Libraries\SPI\SPI.cpp -o .\CortexM3\ARM_GCC_541\Release\SPI.o
arm-none-eabi-gcc.exe -mcpu=cortex-m3 -mthumb -I.\core -I.\Libraries\SPI -I.\Libraries\Wire -I.\Libraries\APDS9960 -I.\Libraries\MicroOLED -I.\Libraries\WiFi\src -I.\Libraries\Servo -I.\Libraries\WS281x -I. -IGenerated_Source\PSoC5 -Wa,-alh=.\CortexM3\ARM_GCC_541\Release/Servo.lst -g -D NDEBUG -Wall -ffunction-sections -ffat-lto-objects -finline-functions -flto -Os -x c++ -c Libraries\Servo\Servo.cpp -o .\CortexM3\ARM_GCC_541\Release\Servo.o
arm-none-eabi-gcc.exe -mcpu=cortex-m3 -mthumb -I.\core -I.\Libraries\SPI -I.\Libraries\Wire -I.\Libraries\APDS9960 -I.\Libraries\MicroOLED -I.\Libraries\WiFi\src -I.\Libraries\Servo -I.\Libraries\WS281x -I. -IGenerated_Source\PSoC5 -Wa,-alh=.\CortexM3\ARM_GCC_541\Release/WS281x.lst -g -D NDEBUG -Wall -ffunction-sections -ffat-lto-objects -finline-functions -flto -Os -x c++ -c Libraries\WS281x\WS281x.cpp -o .\CortexM3\ARM_GCC_541\Release\WS281x.o
arm-none-eabi-gcc.exe -mcpu=cortex-m3 -mthumb -I.\core -I.\Libraries\SPI -I.\Libraries\Wire -I.\Libraries\APDS9960 -I.\Libraries\MicroOLED -I.\Libraries\WiFi\src -I.\Libraries\Servo -I.\Libraries\WS281x -I. -IGenerated_Source\PSoC5 -Wa,-alh=.\CortexM3\ARM_GCC_541\Release/cyfitter_cfg.lst -g -D NDEBUG -Wall -ffunction-sections -ffat-lto-objects -finline-functions -flto -Os -c Generated_Source\PSoC5\cyfitter_cfg.c -o .\CortexM3\ARM_GCC_541\Release\cyfitter_cfg.o
arm-none-eabi-gcc.exe -mcpu=cortex-m3 -mthumb -I.\core -I.\Libraries\SPI -I.\Libraries\Wire -I.\Libraries\APDS9960 -I.\Libraries\MicroOLED -I.\Libraries\WiFi\src -I.\Libraries\Servo -I.\Libraries\WS281x -I. -IGenerated_Source\PSoC5 -Wa,-alh=.\CortexM3\ARM_GCC_541\Release/cybootloader.lst -g -D NDEBUG -Wall -ffunction-sections -ffat-lto-objects -finline-functions -flto -Os -c Generated_Source\PSoC5\cybootloader.c -o .\CortexM3\ARM_GCC_541\Release\cybootloader.o
arm-none-eabi-gcc.exe -mcpu=cortex-m3 -mthumb -I.\core -I.\Libraries\SPI -I.\Libraries\Wire -I.\Libraries\APDS9960 -I.\Libraries\MicroOLED -I.\Libraries\WiFi\src -I.\Libraries\Servo -I.\Libraries\WS281x -I. -IGenerated_Source\PSoC5 -Wa,-alh=.\CortexM3\ARM_GCC_541\Release/cymetadata.lst -g -D NDEBUG -Wall -ffunction-sections -ffat-lto-objects -finline-functions -flto -Os -c Generated_Source\PSoC5\cymetadata.c -o .\CortexM3\ARM_GCC_541\Release\cymetadata.o
arm-none-eabi-gcc.exe -mcpu=cortex-m3 -mthumb -I.\core -I.\Libraries\SPI -I.\Libraries\Wire -I.\Libraries\APDS9960 -I.\Libraries\MicroOLED -I.\Libraries\WiFi\src -I.\Libraries\Servo -I.\Libraries\WS281x -I. -IGenerated_Source\PSoC5 -Wa,-alh=.\CortexM3\ARM_GCC_541\Release/ADC.lst -g -D NDEBUG -Wall -ffunction-sections -ffat-lto-objects -finline-functions -flto -Os -c Generated_Source\PSoC5\ADC.c -o .\CortexM3\ARM_GCC_541\Release\ADC.o
arm-none-eabi-gcc.exe -mcpu=cortex-m3 -mthumb -I.\core -I.\Libraries\SPI -I.\Libraries\Wire -I.\Libraries\APDS9960 -I.\Libraries\MicroOLED -I.\Libraries\WiFi\src -I.\Libraries\Servo -I.\Libraries\WS281x -I. -IGenerated_Source\PSoC5 -Wa,-alh=.\CortexM3\ARM_GCC_541\Release/ADC_INT.lst -g -D NDEBUG -Wall -ffunction-sections -ffat-lto-objects -finline-functions -flto -Os -c Generated_Source\PSoC5\ADC_INT.c -o .\CortexM3\ARM_GCC_541\Release\ADC_INT.o
arm-none-eabi-gcc.exe -mcpu=cortex-m3 -mthumb -I.\core -I.\Libraries\SPI -I.\Libraries\Wire -I.\Libraries\APDS9960 -I.\Libraries\MicroOLED -I.\Libraries\WiFi\src -I.\Libraries\Servo -I.\Libraries\WS281x -I. -IGenerated_Source\PSoC5 -Wa,-alh=.\CortexM3\ARM_GCC_541\Release/ADC_PM.lst -g -D NDEBUG -Wall -ffunction-sections -ffat-lto-objects -finline-functions -flto -Os -c Generated_Source\PSoC5\ADC_PM.c -o .\CortexM3\ARM_GCC_541\Release\ADC_PM.o
arm-none-eabi-gcc.exe -mcpu=cortex-m3 -mthumb -I.\core -I.\Libraries\SPI -I.\Libraries\Wire -I.\Libraries\APDS9960 -I.\Libraries\MicroOLED -I.\Libraries\WiFi\src -I.\Libraries\Servo -I.\Libraries\WS281x -I. -IGenerated_Source\PSoC5 -Wa,-alh=.\CortexM3\ARM_GCC_541\Release/ADC_Mux.lst -g -D NDEBUG -Wall -ffunction-sections -ffat-lto-objects -finline-functions -flto -Os -c Generated_Source\PSoC5\ADC_Mux.c -o .\CortexM3\ARM_GCC_541\Release\ADC_Mux.o
arm-none-eabi-gcc.exe -mcpu=cortex-m3 -mthumb -I.\core -I.\Libraries\SPI -I.\Libraries\Wire -I.\Libraries\APDS9960 -I.\Libraries\MicroOLED -I.\Libraries\WiFi\src -I.\Libraries\Servo -I.\Libraries\WS281x -I. -IGenerated_Source\PSoC5 -Wa,-alh=.\CortexM3\ARM_GCC_541\Release/I2C.lst -g -D NDEBUG -Wall -ffunction-sections -ffat-lto-objects -finline-functions -flto -Os -c Generated_Source\PSoC5\I2C.c -o .\CortexM3\ARM_GCC_541\Release\I2C.o
arm-none-eabi-gcc.exe -mcpu=cortex-m3 -mthumb -I.\core -I.\Libraries\SPI -I.\Libraries\Wire -I.\Libraries\APDS9960 -I.\Libraries\MicroOLED -I.\Libraries\WiFi\src -I.\Libraries\Servo -I.\Libraries\WS281x -I. -IGenerated_Source\PSoC5 -Wa,-alh=.\CortexM3\ARM_GCC_541\Release/I2C_BOOT.lst -g -D NDEBUG -Wall -ffunction-sections -ffat-lto-objects -finline-functions -flto -Os -c Generated_Source\PSoC5\I2C_BOOT.c -o .\CortexM3\ARM_GCC_541\Release\I2C_BOOT.o
arm-none-eabi-gcc.exe -mcpu=cortex-m3 -mthumb -I.\core -I.\Libraries\SPI -I.\Libraries\Wire -I.\Libraries\APDS9960 -I.\Libraries\MicroOLED -I.\Libraries\WiFi\src -I.\Libraries\Servo -I.\Libraries\WS281x -I. -IGenerated_Source\PSoC5 -Wa,-alh=.\CortexM3\ARM_GCC_541\Release/I2C_INT.lst -g -D NDEBUG -Wall -ffunction-sections -ffat-lto-objects -finline-functions -flto -Os -c Generated_Source\PSoC5\I2C_INT.c -o .\CortexM3\ARM_GCC_541\Release\I2C_INT.o
arm-none-eabi-gcc.exe -mcpu=cortex-m3 -mthumb -I.\core -I.\Libraries\SPI -I.\Libraries\Wire -I.\Libraries\APDS9960 -I.\Libraries\MicroOLED -I.\Libraries\WiFi\src -I.\Libraries\Servo -I.\Libraries\WS281x -I. -IGenerated_Source\PSoC5 -Wa,-alh=.\CortexM3\ARM_GCC_541\Release/I2C_PM.lst -g -D NDEBUG -Wall -ffunction-sections -ffat-lto-objects -finline-functions -flto -Os -c Generated_Source\PSoC5\I2C_PM.c -o .\CortexM3\ARM_GCC_541\Release\I2C_PM.o
arm-none-eabi-gcc.exe -mcpu=cortex-m3 -mthumb -I.\core -I.\Libraries\SPI -I.\Libraries\Wire -I.\Libraries\APDS9960 -I.\Libraries\MicroOLED -I.\Libraries\WiFi\src -I.\Libraries\Servo -I.\Libraries\WS281x -I. -IGenerated_Source\PSoC5 -Wa,-alh=.\CortexM3\ARM_GCC_541\Release/I2C_SLAVE.lst -g -D NDEBUG -Wall -ffunction-sections -ffat-lto-objects -finline-functions -flto -Os -c Generated_Source\PSoC5\I2C_SLAVE.c -o .\CortexM3\ARM_GCC_541\Release\I2C_SLAVE.o
arm-none-eabi-gcc.exe -mcpu=cortex-m3 -mthumb -I.\core -I.\Libraries\SPI -I.\Libraries\Wire -I.\Libraries\APDS9960 -I.\Libraries\MicroOLED -I.\Libraries\WiFi\src -I.\Libraries\Servo -I.\Libraries\WS281x -I. -IGenerated_Source\PSoC5 -Wa,-alh=.\CortexM3\ARM_GCC_541\Release/I2C_MASTER.lst -g -D NDEBUG -Wall -ffunction-sections -ffat-lto-objects -finline-functions -flto -Os -c Generated_Source\PSoC5\I2C_MASTER.c -o .\CortexM3\ARM_GCC_541\Release\I2C_MASTER.o
arm-none-eabi-gcc.exe -mcpu=cortex-m3 -mthumb -I.\core -I.\Libraries\SPI -I.\Libraries\Wire -I.\Libraries\APDS9960 -I.\Libraries\MicroOLED -I.\Libraries\WiFi\src -I.\Libraries\Servo -I.\Libraries\WS281x -I. -IGenerated_Source\PSoC5 -Wa,-alh=.\CortexM3\ARM_GCC_541\Release/D10_Ctrl.lst -g -D NDEBUG -Wall -ffunction-sections -ffat-lto-objects -finline-functions -flto -Os -c Generated_Source\PSoC5\D10_Ctrl.c -o .\CortexM3\ARM_GCC_541\Release\D10_Ctrl.o
arm-none-eabi-gcc.exe -mcpu=cortex-m3 -mthumb -I.\core -I.\Libraries\SPI -I.\Libraries\Wire -I.\Libraries\APDS9960 -I.\Libraries\MicroOLED -I.\Libraries\WiFi\src -I.\Libraries\Servo -I.\Libraries\WS281x -I. -IGenerated_Source\PSoC5 -Wa,-alh=.\CortexM3\ARM_GCC_541\Release/D10_Ctrl_PM.lst -g -D NDEBUG -Wall -ffunction-sections -ffat-lto-objects -finline-functions -flto -Os -c Generated_Source\PSoC5\D10_Ctrl_PM.c -o .\CortexM3\ARM_GCC_541\Release\D10_Ctrl_PM.o
arm-none-eabi-gcc.exe -mcpu=cortex-m3 -mthumb -I.\core -I.\Libraries\SPI -I.\Libraries\Wire -I.\Libraries\APDS9960 -I.\Libraries\MicroOLED -I.\Libraries\WiFi\src -I.\Libraries\Servo -I.\Libraries\WS281x -I. -IGenerated_Source\PSoC5 -Wa,-alh=.\CortexM3\ARM_GCC_541\Release/D11_Ctrl.lst -g -D NDEBUG -Wall -ffunction-sections -ffat-lto-objects -finline-functions -flto -Os -c Generated_Source\PSoC5\D11_Ctrl.c -o .\CortexM3\ARM_GCC_541\Release\D11_Ctrl.o
arm-none-eabi-gcc.exe -mcpu=cortex-m3 -mthumb -I.\core -I.\Libraries\SPI -I.\Libraries\Wire -I.\Libraries\APDS9960 -I.\Libraries\MicroOLED -I.\Libraries\WiFi\src -I.\Libraries\Servo -I.\Libraries\WS281x -I. -IGenerated_Source\PSoC5 -Wa,-alh=.\CortexM3\ARM_GCC_541\Release/D11_Ctrl_PM.lst -g -D NDEBUG -Wall -ffunction-sections -ffat-lto-objects -finline-functions -flto -Os -c Generated_Source\PSoC5\D11_Ctrl_PM.c -o .\CortexM3\ARM_GCC_541\Release\D11_Ctrl_PM.o
arm-none-eabi-gcc.exe -mcpu=cortex-m3 -mthumb -I.\core -I.\Libraries\SPI -I.\Libraries\Wire -I.\Libraries\APDS9960 -I.\Libraries\MicroOLED -I.\Libraries\WiFi\src -I.\Libraries\Servo -I.\Libraries\WS281x -I. -IGenerated_Source\PSoC5 -Wa,-alh=.\CortexM3\ARM_GCC_541\Release/SPIM.lst -g -D NDEBUG -Wall -ffunction-sections -ffat-lto-objects -finline-functions -flto -Os -c Generated_Source\PSoC5\SPIM.c -o .\CortexM3\ARM_GCC_541\Release\SPIM.o
arm-none-eabi-gcc.exe -mcpu=cortex-m3 -mthumb -I.\core -I.\Libraries\SPI -I.\Libraries\Wire -I.\Libraries\APDS9960 -I.\Libraries\MicroOLED -I.\Libraries\WiFi\src -I.\Libraries\Servo -I.\Libraries\WS281x -I. -IGenerated_Source\PSoC5 -Wa,-alh=.\CortexM3\ARM_GCC_541\Release/SPIM_PM.lst -g -D NDEBUG -Wall -ffunction-sections -ffat-lto-objects -finline-functions -flto -Os -c Generated_Source\PSoC5\SPIM_PM.c -o .\CortexM3\ARM_GCC_541\Release\SPIM_PM.o
arm-none-eabi-gcc.exe -mcpu=cortex-m3 -mthumb -I.\core -I.\Libraries\SPI -I.\Libraries\Wire -I.\Libraries\APDS9960 -I.\Libraries\MicroOLED -I.\Libraries\WiFi\src -I.\Libraries\Servo -I.\Libraries\WS281x -I. -IGenerated_Source\PSoC5 -Wa,-alh=.\CortexM3\ARM_GCC_541\Release/SPIM_INT.lst -g -D NDEBUG -Wall -ffunction-sections -ffat-lto-objects -finline-functions -flto -Os -c Generated_Source\PSoC5\SPIM_INT.c -o .\CortexM3\ARM_GCC_541\Release\SPIM_INT.o
arm-none-eabi-gcc.exe -mcpu=cortex-m3 -mthumb -I.\core -I.\Libraries\SPI -I.\Libraries\Wire -I.\Libraries\APDS9960 -I.\Libraries\MicroOLED -I.\Libraries\WiFi\src -I.\Libraries\Servo -I.\Libraries\WS281x -I. -IGenerated_Source\PSoC5 -Wa,-alh=.\CortexM3\ARM_GCC_541\Release/PRS.lst -g -D NDEBUG -Wall -ffunction-sections -ffat-lto-objects -finline-functions -flto -Os -c Generated_Source\PSoC5\PRS.c -o .\CortexM3\ARM_GCC_541\Release\PRS.o
arm-none-eabi-gcc.exe -mcpu=cortex-m3 -mthumb -I.\core -I.\Libraries\SPI -I.\Libraries\Wire -I.\Libraries\APDS9960 -I.\Libraries\MicroOLED -I.\Libraries\WiFi\src -I.\Libraries\Servo -I.\Libraries\WS281x -I. -IGenerated_Source\PSoC5 -Wa,-alh=.\CortexM3\ARM_GCC_541\Release/PRS_PM.lst -g -D NDEBUG -Wall -ffunction-sections -ffat-lto-objects -finline-functions -flto -Os -c Generated_Source\PSoC5\PRS_PM.c -o .\CortexM3\ARM_GCC_541\Release\PRS_PM.o
arm-none-eabi-gcc.exe -mcpu=cortex-m3 -mthumb -I.\core -I.\Libraries\SPI -I.\Libraries\Wire -I.\Libraries\APDS9960 -I.\Libraries\MicroOLED -I.\Libraries\WiFi\src -I.\Libraries\Servo -I.\Libraries\WS281x -I. -IGenerated_Source\PSoC5 -Wa,-alh=.\CortexM3\ARM_GCC_541\Release/ToneTimer.lst -g -D NDEBUG -Wall -ffunction-sections -ffat-lto-objects -finline-functions -flto -Os -c Generated_Source\PSoC5\ToneTimer.c -o .\CortexM3\ARM_GCC_541\Release\ToneTimer.o
arm-none-eabi-gcc.exe -mcpu=cortex-m3 -mthumb -I.\core -I.\Libraries\SPI -I.\Libraries\Wire -I.\Libraries\APDS9960 -I.\Libraries\MicroOLED -I.\Libraries\WiFi\src -I.\Libraries\Servo -I.\Libraries\WS281x -I. -IGenerated_Source\PSoC5 -Wa,-alh=.\CortexM3\ARM_GCC_541\Release/ToneTimer_PM.lst -g -D NDEBUG -Wall -ffunction-sections -ffat-lto-objects -finline-functions -flto -Os -c Generated_Source\PSoC5\ToneTimer_PM.c -o .\CortexM3\ARM_GCC_541\Release\ToneTimer_PM.o
arm-none-eabi-gcc.exe -mcpu=cortex-m3 -mthumb -I.\core -I.\Libraries\SPI -I.\Libraries\Wire -I.\Libraries\APDS9960 -I.\Libraries\MicroOLED -I.\Libraries\WiFi\src -I.\Libraries\Servo -I.\Libraries\WS281x -I. -IGenerated_Source\PSoC5 -Wa,-alh=.\CortexM3\ARM_GCC_541\Release/Micros_Counter.lst -g -D NDEBUG -Wall -ffunction-sections -ffat-lto-objects -finline-functions -flto -Os -c Generated_Source\PSoC5\Micros_Counter.c -o .\CortexM3\ARM_GCC_541\Release\Micros_Counter.o
arm-none-eabi-gcc.exe -mcpu=cortex-m3 -mthumb -I.\core -I.\Libraries\SPI -I.\Libraries\Wire -I.\Libraries\APDS9960 -I.\Libraries\MicroOLED -I.\Libraries\WiFi\src -I.\Libraries\Servo -I.\Libraries\WS281x -I. -IGenerated_Source\PSoC5 -Wa,-alh=.\CortexM3\ARM_GCC_541\Release/Micros_Counter_PM.lst -g -D NDEBUG -Wall -ffunction-sections -ffat-lto-objects -finline-functions -flto -Os -c Generated_Source\PSoC5\Micros_Counter_PM.c -o .\CortexM3\ARM_GCC_541\Release\Micros_Counter_PM.o
arm-none-eabi-gcc.exe -mcpu=cortex-m3 -mthumb -I.\core -I.\Libraries\SPI -I.\Libraries\Wire -I.\Libraries\APDS9960 -I.\Libraries\MicroOLED -I.\Libraries\WiFi\src -I.\Libraries\Servo -I.\Libraries\WS281x -I. -IGenerated_Source\PSoC5 -Wa,-alh=.\CortexM3\ARM_GCC_541\Release/Tone_Interrupt.lst -g -D NDEBUG -Wall -ffunction-sections -ffat-lto-objects -finline-functions -flto -Os -c Generated_Source\PSoC5\Tone_Interrupt.c -o .\CortexM3\ARM_GCC_541\Release\Tone_Interrupt.o
arm-none-eabi-gcc.exe -mcpu=cortex-m3 -mthumb -I.\core -I.\Libraries\SPI -I.\Libraries\Wire -I.\Libraries\APDS9960 -I.\Libraries\MicroOLED -I.\Libraries\WiFi\src -I.\Libraries\Servo -I.\Libraries\WS281x -I. -IGenerated_Source\PSoC5 -Wa,-alh=.\CortexM3\ARM_GCC_541\Release/Millis_Counter.lst -g -D NDEBUG -Wall -ffunction-sections -ffat-lto-objects -finline-functions -flto -Os -c Generated_Source\PSoC5\Millis_Counter.c -o .\CortexM3\ARM_GCC_541\Release\Millis_Counter.o
arm-none-eabi-gcc.exe -mcpu=cortex-m3 -mthumb -I.\core -I.\Libraries\SPI -I.\Libraries\Wire -I.\Libraries\APDS9960 -I.\Libraries\MicroOLED -I.\Libraries\WiFi\src -I.\Libraries\Servo -I.\Libraries\WS281x -I. -IGenerated_Source\PSoC5 -Wa,-alh=.\CortexM3\ARM_GCC_541\Release/Millis_Counter_PM.lst -g -D NDEBUG -Wall -ffunction-sections -ffat-lto-objects -finline-functions -flto -Os -c Generated_Source\PSoC5\Millis_Counter_PM.c -o .\CortexM3\ARM_GCC_541\Release\Millis_Counter_PM.o
arm-none-eabi-gcc.exe -mcpu=cortex-m3 -mthumb -I.\core -I.\Libraries\SPI -I.\Libraries\Wire -I.\Libraries\APDS9960 -I.\Libraries\MicroOLED -I.\Libraries\WiFi\src -I.\Libraries\Servo -I.\Libraries\WS281x -I. -IGenerated_Source\PSoC5 -Wa,-alh=.\CortexM3\ARM_GCC_541\Release/Clock_3.lst -g -D NDEBUG -Wall -ffunction-sections -ffat-lto-objects -finline-functions -flto -Os -c Generated_Source\PSoC5\Clock_3.c -o .\CortexM3\ARM_GCC_541\Release\Clock_3.o
arm-none-eabi-gcc.exe -mcpu=cortex-m3 -mthumb -I.\core -I.\Libraries\SPI -I.\Libraries\Wire -I.\Libraries\APDS9960 -I.\Libraries\MicroOLED -I.\Libraries\WiFi\src -I.\Libraries\Servo -I.\Libraries\WS281x -I. -IGenerated_Source\PSoC5 -Wa,-alh=.\CortexM3\ARM_GCC_541\Release/I2C_Enable.lst -g -D NDEBUG -Wall -ffunction-sections -ffat-lto-objects -finline-functions -flto -Os -c Generated_Source\PSoC5\I2C_Enable.c -o .\CortexM3\ARM_GCC_541\Release\I2C_Enable.o
arm-none-eabi-gcc.exe -mcpu=cortex-m3 -mthumb -I.\core -I.\Libraries\SPI -I.\Libraries\Wire -I.\Libraries\APDS9960 -I.\Libraries\MicroOLED -I.\Libraries\WiFi\src -I.\Libraries\Servo -I.\Libraries\WS281x -I. -IGenerated_Source\PSoC5 -Wa,-alh=.\CortexM3\ARM_GCC_541\Release/I2C_Enable_PM.lst -g -D NDEBUG -Wall -ffunction-sections -ffat-lto-objects -finline-functions -flto -Os -c Generated_Source\PSoC5\I2C_Enable_PM.c -o .\CortexM3\ARM_GCC_541\Release\I2C_Enable_PM.o
arm-none-eabi-gcc.exe -mcpu=cortex-m3 -mthumb -I.\core -I.\Libraries\SPI -I.\Libraries\Wire -I.\Libraries\APDS9960 -I.\Libraries\MicroOLED -I.\Libraries\WiFi\src -I.\Libraries\Servo -I.\Libraries\WS281x -I. -IGenerated_Source\PSoC5 -Wa,-alh=.\CortexM3\ARM_GCC_541\Release/USBUART.lst -g -D NDEBUG -Wall -ffunction-sections -ffat-lto-objects -finline-functions -flto -Os -c Generated_Source\PSoC5\USBUART.c -o .\CortexM3\ARM_GCC_541\Release\USBUART.o
arm-none-eabi-gcc.exe -mcpu=cortex-m3 -mthumb -I.\core -I.\Libraries\SPI -I.\Libraries\Wire -I.\Libraries\APDS9960 -I.\Libraries\MicroOLED -I.\Libraries\WiFi\src -I.\Libraries\Servo -I.\Libraries\WS281x -I. -IGenerated_Source\PSoC5 -Wa,-alh=.\CortexM3\ARM_GCC_541\Release/USBUART_audio.lst -g -D NDEBUG -Wall -ffunction-sections -ffat-lto-objects -finline-functions -flto -Os -c Generated_Source\PSoC5\USBUART_audio.c -o .\CortexM3\ARM_GCC_541\Release\USBUART_audio.o
arm-none-eabi-gcc.exe -mcpu=cortex-m3 -mthumb -I.\core -I.\Libraries\SPI -I.\Libraries\Wire -I.\Libraries\APDS9960 -I.\Libraries\MicroOLED -I.\Libraries\WiFi\src -I.\Libraries\Servo -I.\Libraries\WS281x -I. -IGenerated_Source\PSoC5 -Wa,-alh=.\CortexM3\ARM_GCC_541\Release/USBUART_boot.lst -g -D NDEBUG -Wall -ffunction-sections -ffat-lto-objects -finline-functions -flto -Os -c Generated_Source\PSoC5\USBUART_boot.c -o .\CortexM3\ARM_GCC_541\Release\USBUART_boot.o
arm-none-eabi-gcc.exe -mcpu=cortex-m3 -mthumb -I.\core -I.\Libraries\SPI -I.\Libraries\Wire -I.\Libraries\APDS9960 -I.\Libraries\MicroOLED -I.\Libraries\WiFi\src -I.\Libraries\Servo -I.\Libraries\WS281x -I. -IGenerated_Source\PSoC5 -Wa,-alh=.\CortexM3\ARM_GCC_541\Release/USBUART_cdc.lst -g -D NDEBUG -Wall -ffunction-sections -ffat-lto-objects -finline-functions -flto -Os -c Generated_Source\PSoC5\USBUART_cdc.c -o .\CortexM3\ARM_GCC_541\Release\USBUART_cdc.o
arm-none-eabi-gcc.exe -mcpu=cortex-m3 -mthumb -I.\core -I.\Libraries\SPI -I.\Libraries\Wire -I.\Libraries\APDS9960 -I.\Libraries\MicroOLED -I.\Libraries\WiFi\src -I.\Libraries\Servo -I.\Libraries\WS281x -I. -IGenerated_Source\PSoC5 -Wa,-alh=.\CortexM3\ARM_GCC_541\Release/USBUART_cls.lst -g -D NDEBUG -Wall -ffunction-sections -ffat-lto-objects -finline-functions -flto -Os -c Generated_Source\PSoC5\USBUART_cls.c -o .\CortexM3\ARM_GCC_541\Release\USBUART_cls.o
arm-none-eabi-gcc.exe -mcpu=cortex-m3 -mthumb -I.\core -I.\Libraries\SPI -I.\Libraries\Wire -I.\Libraries\APDS9960 -I.\Libraries\MicroOLED -I.\Libraries\WiFi\src -I.\Libraries\Servo -I.\Libraries\WS281x -I. -IGenerated_Source\PSoC5 -Wa,-alh=.\CortexM3\ARM_GCC_541\Release/USBUART_descr.lst -g -D NDEBUG -Wall -ffunction-sections -ffat-lto-objects -finline-functions -flto -Os -c Generated_Source\PSoC5\USBUART_descr.c -o .\CortexM3\ARM_GCC_541\Release\USBUART_descr.o
arm-none-eabi-gcc.exe -mcpu=cortex-m3 -mthumb -I.\core -I.\Libraries\SPI -I.\Libraries\Wire -I.\Libraries\APDS9960 -I.\Libraries\MicroOLED -I.\Libraries\WiFi\src -I.\Libraries\Servo -I.\Libraries\WS281x -I. -IGenerated_Source\PSoC5 -Wa,-alh=.\CortexM3\ARM_GCC_541\Release/USBUART_drv.lst -g -D NDEBUG -Wall -ffunction-sections -ffat-lto-objects -finline-functions -flto -Os -c Generated_Source\PSoC5\USBUART_drv.c -o .\CortexM3\ARM_GCC_541\Release\USBUART_drv.o
arm-none-eabi-gcc.exe -mcpu=cortex-m3 -mthumb -I.\core -I.\Libraries\SPI -I.\Libraries\Wire -I.\Libraries\APDS9960 -I.\Libraries\MicroOLED -I.\Libraries\WiFi\src -I.\Libraries\Servo -I.\Libraries\WS281x -I. -IGenerated_Source\PSoC5 -Wa,-alh=.\CortexM3\ARM_GCC_541\Release/USBUART_episr.lst -g -D NDEBUG -Wall -ffunction-sections -ffat-lto-objects -finline-functions -flto -Os -c Generated_Source\PSoC5\USBUART_episr.c -o .\CortexM3\ARM_GCC_541\Release\USBUART_episr.o
arm-none-eabi-gcc.exe -mcpu=cortex-m3 -mthumb -I.\core -I.\Libraries\SPI -I.\Libraries\Wire -I.\Libraries\APDS9960 -I.\Libraries\MicroOLED -I.\Libraries\WiFi\src -I.\Libraries\Servo -I.\Libraries\WS281x -I. -IGenerated_Source\PSoC5 -Wa,-alh=.\CortexM3\ARM_GCC_541\Release/USBUART_hid.lst -g -D NDEBUG -Wall -ffunction-sections -ffat-lto-objects -finline-functions -flto -Os -c Generated_Source\PSoC5\USBUART_hid.c -o .\CortexM3\ARM_GCC_541\Release\USBUART_hid.o
arm-none-eabi-gcc.exe -mcpu=cortex-m3 -mthumb -I.\core -I.\Libraries\SPI -I.\Libraries\Wire -I.\Libraries\APDS9960 -I.\Libraries\MicroOLED -I.\Libraries\WiFi\src -I.\Libraries\Servo -I.\Libraries\WS281x -I. -IGenerated_Source\PSoC5 -Wa,-alh=.\CortexM3\ARM_GCC_541\Release/USBUART_pm.lst -g -D NDEBUG -Wall -ffunction-sections -ffat-lto-objects -finline-functions -flto -Os -c Generated_Source\PSoC5\USBUART_pm.c -o .\CortexM3\ARM_GCC_541\Release\USBUART_pm.o
arm-none-eabi-gcc.exe -mcpu=cortex-m3 -mthumb -I.\core -I.\Libraries\SPI -I.\Libraries\Wire -I.\Libraries\APDS9960 -I.\Libraries\MicroOLED -I.\Libraries\WiFi\src -I.\Libraries\Servo -I.\Libraries\WS281x -I. -IGenerated_Source\PSoC5 -Wa,-alh=.\CortexM3\ARM_GCC_541\Release/USBUART_std.lst -g -D NDEBUG -Wall -ffunction-sections -ffat-lto-objects -finline-functions -flto -Os -c Generated_Source\PSoC5\USBUART_std.c -o .\CortexM3\ARM_GCC_541\Release\USBUART_std.o
arm-none-eabi-gcc.exe -mcpu=cortex-m3 -mthumb -I.\core -I.\Libraries\SPI -I.\Libraries\Wire -I.\Libraries\APDS9960 -I.\Libraries\MicroOLED -I.\Libraries\WiFi\src -I.\Libraries\Servo -I.\Libraries\WS281x -I. -IGenerated_Source\PSoC5 -Wa,-alh=.\CortexM3\ARM_GCC_541\Release/USBUART_vnd.lst -g -D NDEBUG -Wall -ffunction-sections -ffat-lto-objects -finline-functions -flto -Os -c Generated_Source\PSoC5\USBUART_vnd.c -o .\CortexM3\ARM_GCC_541\Release\USBUART_vnd.o
arm-none-eabi-gcc.exe -mcpu=cortex-m3 -mthumb -I.\core -I.\Libraries\SPI -I.\Libraries\Wire -I.\Libraries\APDS9960 -I.\Libraries\MicroOLED -I.\Libraries\WiFi\src -I.\Libraries\Servo -I.\Libraries\WS281x -I. -IGenerated_Source\PSoC5 -Wa,-alh=.\CortexM3\ARM_GCC_541\Release/USBUART_midi.lst -g -D NDEBUG -Wall -ffunction-sections -ffat-lto-objects -finline-functions -flto -Os -c Generated_Source\PSoC5\USBUART_midi.c -o .\CortexM3\ARM_GCC_541\Release\USBUART_midi.o
arm-none-eabi-gcc.exe -mcpu=cortex-m3 -mthumb -I.\core -I.\Libraries\SPI -I.\Libraries\Wire -I.\Libraries\APDS9960 -I.\Libraries\MicroOLED -I.\Libraries\WiFi\src -I.\Libraries\Servo -I.\Libraries\WS281x -I. -IGenerated_Source\PSoC5 -Wa,-alh=.\CortexM3\ARM_GCC_541\Release/USBUART_msc.lst -g -D NDEBUG -Wall -ffunction-sections -ffat-lto-objects -finline-functions -flto -Os -c Generated_Source\PSoC5\USBUART_msc.c -o .\CortexM3\ARM_GCC_541\Release\USBUART_msc.o
arm-none-eabi-gcc.exe -mcpu=cortex-m3 -mthumb -I.\core -I.\Libraries\SPI -I.\Libraries\Wire -I.\Libraries\APDS9960 -I.\Libraries\MicroOLED -I.\Libraries\WiFi\src -I.\Libraries\Servo -I.\Libraries\WS281x -I. -IGenerated_Source\PSoC5 -Wa,-alh=.\CortexM3\ARM_GCC_541\Release/UART.lst -g -D NDEBUG -Wall -ffunction-sections -ffat-lto-objects -finline-functions -flto -Os -c Generated_Source\PSoC5\UART.c -o .\CortexM3\ARM_GCC_541\Release\UART.o
arm-none-eabi-gcc.exe -mcpu=cortex-m3 -mthumb -I.\core -I.\Libraries\SPI -I.\Libraries\Wire -I.\Libraries\APDS9960 -I.\Libraries\MicroOLED -I.\Libraries\WiFi\src -I.\Libraries\Servo -I.\Libraries\WS281x -I. -IGenerated_Source\PSoC5 -Wa,-alh=.\CortexM3\ARM_GCC_541\Release/UART_PM.lst -g -D NDEBUG -Wall -ffunction-sections -ffat-lto-objects -finline-functions -flto -Os -c Generated_Source\PSoC5\UART_PM.c -o .\CortexM3\ARM_GCC_541\Release\UART_PM.o
arm-none-eabi-gcc.exe -mcpu=cortex-m3 -mthumb -I.\core -I.\Libraries\SPI -I.\Libraries\Wire -I.\Libraries\APDS9960 -I.\Libraries\MicroOLED -I.\Libraries\WiFi\src -I.\Libraries\Servo -I.\Libraries\WS281x -I. -IGenerated_Source\PSoC5 -Wa,-alh=.\CortexM3\ARM_GCC_541\Release/UART_INT.lst -g -D NDEBUG -Wall -ffunction-sections -ffat-lto-objects -finline-functions -flto -Os -c Generated_Source\PSoC5\UART_INT.c -o .\CortexM3\ARM_GCC_541\Release\UART_INT.o
arm-none-eabi-gcc.exe -mcpu=cortex-m3 -mthumb -I.\core -I.\Libraries\SPI -I.\Libraries\Wire -I.\Libraries\APDS9960 -I.\Libraries\MicroOLED -I.\Libraries\WiFi\src -I.\Libraries\Servo -I.\Libraries\WS281x -I. -IGenerated_Source\PSoC5 -Wa,-alh=.\CortexM3\ARM_GCC_541\Release/UART_BOOT.lst -g -D NDEBUG -Wall -ffunction-sections -ffat-lto-objects -finline-functions -flto -Os -c Generated_Source\PSoC5\UART_BOOT.c -o .\CortexM3\ARM_GCC_541\Release\UART_BOOT.o
arm-none-eabi-gcc.exe -mcpu=cortex-m3 -mthumb -I.\core -I.\Libraries\SPI -I.\Libraries\Wire -I.\Libraries\APDS9960 -I.\Libraries\MicroOLED -I.\Libraries\WiFi\src -I.\Libraries\Servo -I.\Libraries\WS281x -I. -IGenerated_Source\PSoC5 -Wa,-alh=.\CortexM3\ARM_GCC_541\Release/UART_Clock.lst -g -D NDEBUG -Wall -ffunction-sections -ffat-lto-objects -finline-functions -flto -Os -c Generated_Source\PSoC5\UART_Clock.c -o .\CortexM3\ARM_GCC_541\Release\UART_Clock.o
arm-none-eabi-gcc.exe -mcpu=cortex-m3 -mthumb -I.\core -I.\Libraries\SPI -I.\Libraries\Wire -I.\Libraries\APDS9960 -I.\Libraries\MicroOLED -I.\Libraries\WiFi\src -I.\Libraries\Servo -I.\Libraries\WS281x -I. -IGenerated_Source\PSoC5 -Wa,-alh=.\CortexM3\ARM_GCC_541\Release/HW_INT.lst -g -D NDEBUG -Wall -ffunction-sections -ffat-lto-objects -finline-functions -flto -Os -c Generated_Source\PSoC5\HW_INT.c -o .\CortexM3\ARM_GCC_541\Release\HW_INT.o
arm-none-eabi-gcc.exe -mcpu=cortex-m3 -mthumb -I.\core -I.\Libraries\SPI -I.\Libraries\Wire -I.\Libraries\APDS9960 -I.\Libraries\MicroOLED -I.\Libraries\WiFi\src -I.\Libraries\Servo -I.\Libraries\WS281x -I. -IGenerated_Source\PSoC5 -Wa,-alh=.\CortexM3\ARM_GCC_541\Release/SPI_Clock_In.lst -g -D NDEBUG -Wall -ffunction-sections -ffat-lto-objects -finline-functions -flto -Os -c Generated_Source\PSoC5\SPI_Clock_In.c -o .\CortexM3\ARM_GCC_541\Release\SPI_Clock_In.o
arm-none-eabi-gcc.exe -mcpu=cortex-m3 -mthumb -I.\core -I.\Libraries\SPI -I.\Libraries\Wire -I.\Libraries\APDS9960 -I.\Libraries\MicroOLED -I.\Libraries\WiFi\src -I.\Libraries\Servo -I.\Libraries\WS281x -I. -IGenerated_Source\PSoC5 -Wa,-alh=.\CortexM3\ARM_GCC_541\Release/SPI_MODE_REG.lst -g -D NDEBUG -Wall -ffunction-sections -ffat-lto-objects -finline-functions -flto -Os -c Generated_Source\PSoC5\SPI_MODE_REG.c -o .\CortexM3\ARM_GCC_541\Release\SPI_MODE_REG.o
arm-none-eabi-gcc.exe -mcpu=cortex-m3 -mthumb -I.\core -I.\Libraries\SPI -I.\Libraries\Wire -I.\Libraries\APDS9960 -I.\Libraries\MicroOLED -I.\Libraries\WiFi\src -I.\Libraries\Servo -I.\Libraries\WS281x -I. -IGenerated_Source\PSoC5 -Wa,-alh=.\CortexM3\ARM_GCC_541\Release/SPI_MODE_REG_PM.lst -g -D NDEBUG -Wall -ffunction-sections -ffat-lto-objects -finline-functions -flto -Os -c Generated_Source\PSoC5\SPI_MODE_REG_PM.c -o .\CortexM3\ARM_GCC_541\Release\SPI_MODE_REG_PM.o
arm-none-eabi-gcc.exe -mcpu=cortex-m3 -mthumb -I.\core -I.\Libraries\SPI -I.\Libraries\Wire -I.\Libraries\APDS9960 -I.\Libraries\MicroOLED -I.\Libraries\WiFi\src -I.\Libraries\Servo -I.\Libraries\WS281x -I. -IGenerated_Source\PSoC5 -Wa,-alh=.\CortexM3\ARM_GCC_541\Release/SPI_SS_Stretch.lst -g -D NDEBUG -Wall -ffunction-sections -ffat-lto-objects -finline-functions -flto -Os -c Generated_Source\PSoC5\SPI_SS_Stretch.c -o .\CortexM3\ARM_GCC_541\Release\SPI_SS_Stretch.o
arm-none-eabi-gcc.exe -mcpu=cortex-m3 -mthumb -I.\core -I.\Libraries\SPI -I.\Libraries\Wire -I.\Libraries\APDS9960 -I.\Libraries\MicroOLED -I.\Libraries\WiFi\src -I.\Libraries\Servo -I.\Libraries\WS281x -I. -IGenerated_Source\PSoC5 -Wa,-alh=.\CortexM3\ARM_GCC_541\Release/SPI_SS_Stretch_PM.lst -g -D NDEBUG -Wall -ffunction-sections -ffat-lto-objects -finline-functions -flto -Os -c Generated_Source\PSoC5\SPI_SS_Stretch_PM.c -o .\CortexM3\ARM_GCC_541\Release\SPI_SS_Stretch_PM.o
arm-none-eabi-gcc.exe -mcpu=cortex-m3 -mthumb -I.\core -I.\Libraries\SPI -I.\Libraries\Wire -I.\Libraries\APDS9960 -I.\Libraries\MicroOLED -I.\Libraries\WiFi\src -I.\Libraries\Servo -I.\Libraries\WS281x -I. -IGenerated_Source\PSoC5 -Wa,-alh=.\CortexM3\ARM_GCC_541\Release/UserButton.lst -g -D NDEBUG -Wall -ffunction-sections -ffat-lto-objects -finline-functions -flto -Os -c Generated_Source\PSoC5\UserButton.c -o .\CortexM3\ARM_GCC_541\Release\UserButton.o
arm-none-eabi-gcc.exe -mcpu=cortex-m3 -mthumb -I.\core -I.\Libraries\SPI -I.\Libraries\Wire -I.\Libraries\APDS9960 -I.\Libraries\MicroOLED -I.\Libraries\WiFi\src -I.\Libraries\Servo -I.\Libraries\WS281x -I. -IGenerated_Source\PSoC5 -Wa,-alh=.\CortexM3\ARM_GCC_541\Release/DA.lst -g -D NDEBUG -Wall -ffunction-sections -ffat-lto-objects -finline-functions -flto -Os -c Generated_Source\PSoC5\DA.c -o .\CortexM3\ARM_GCC_541\Release\DA.o
arm-none-eabi-gcc.exe -mcpu=cortex-m3 -mthumb -I.\core -I.\Libraries\SPI -I.\Libraries\Wire -I.\Libraries\APDS9960 -I.\Libraries\MicroOLED -I.\Libraries\WiFi\src -I.\Libraries\Servo -I.\Libraries\WS281x -I. -IGenerated_Source\PSoC5 -Wa,-alh=.\CortexM3\ARM_GCC_541\Release/ServoInterrupt.lst -g -D NDEBUG -Wall -ffunction-sections -ffat-lto-objects -finline-functions -flto -Os -c Generated_Source\PSoC5\ServoInterrupt.c -o .\CortexM3\ARM_GCC_541\Release\ServoInterrupt.o
arm-none-eabi-gcc.exe -mcpu=cortex-m3 -mthumb -I.\core -I.\Libraries\SPI -I.\Libraries\Wire -I.\Libraries\APDS9960 -I.\Libraries\MicroOLED -I.\Libraries\WiFi\src -I.\Libraries\Servo -I.\Libraries\WS281x -I. -IGenerated_Source\PSoC5 -Wa,-alh=.\CortexM3\ARM_GCC_541\Release/Clock_12.lst -g -D NDEBUG -Wall -ffunction-sections -ffat-lto-objects -finline-functions -flto -Os -c Generated_Source\PSoC5\Clock_12.c -o .\CortexM3\ARM_GCC_541\Release\Clock_12.o
arm-none-eabi-gcc.exe -mcpu=cortex-m3 -mthumb -I.\core -I.\Libraries\SPI -I.\Libraries\Wire -I.\Libraries\APDS9960 -I.\Libraries\MicroOLED -I.\Libraries\WiFi\src -I.\Libraries\Servo -I.\Libraries\WS281x -I. -IGenerated_Source\PSoC5 -Wa,-alh=.\CortexM3\ARM_GCC_541\Release/ServoCounter.lst -g -D NDEBUG -Wall -ffunction-sections -ffat-lto-objects -finline-functions -flto -Os -c Generated_Source\PSoC5\ServoCounter.c -o .\CortexM3\ARM_GCC_541\Release\ServoCounter.o
arm-none-eabi-gcc.exe -mcpu=cortex-m3 -mthumb -I.\core -I.\Libraries\SPI -I.\Libraries\Wire -I.\Libraries\APDS9960 -I.\Libraries\MicroOLED -I.\Libraries\WiFi\src -I.\Libraries\Servo -I.\Libraries\WS281x -I. -IGenerated_Source\PSoC5 -Wa,-alh=.\CortexM3\ARM_GCC_541\Release/ServoCounter_PM.lst -g -D NDEBUG -Wall -ffunction-sections -ffat-lto-objects -finline-functions -flto -Os -c Generated_Source\PSoC5\ServoCounter_PM.c -o .\CortexM3\ARM_GCC_541\Release\ServoCounter_PM.o
arm-none-eabi-gcc.exe -mcpu=cortex-m3 -mthumb -I.\core -I.\Libraries\SPI -I.\Libraries\Wire -I.\Libraries\APDS9960 -I.\Libraries\MicroOLED -I.\Libraries\WiFi\src -I.\Libraries\Servo -I.\Libraries\WS281x -I. -IGenerated_Source\PSoC5 -Wa,-alh=.\CortexM3\ARM_GCC_541\Release/BootloaderResetTimer.lst -g -D NDEBUG -Wall -ffunction-sections -ffat-lto-objects -finline-functions -flto -Os -c Generated_Source\PSoC5\BootloaderResetTimer.c -o .\CortexM3\ARM_GCC_541\Release\BootloaderResetTimer.o
arm-none-eabi-gcc.exe -mcpu=cortex-m3 -mthumb -I.\core -I.\Libraries\SPI -I.\Libraries\Wire -I.\Libraries\APDS9960 -I.\Libraries\MicroOLED -I.\Libraries\WiFi\src -I.\Libraries\Servo -I.\Libraries\WS281x -I. -IGenerated_Source\PSoC5 -Wa,-alh=.\CortexM3\ARM_GCC_541\Release/BootloaderResetTimer_PM.lst -g -D NDEBUG -Wall -ffunction-sections -ffat-lto-objects -finline-functions -flto -Os -c Generated_Source\PSoC5\BootloaderResetTimer_PM.c -o .\CortexM3\ARM_GCC_541\Release\BootloaderResetTimer_PM.o
arm-none-eabi-gcc.exe -mcpu=cortex-m3 -mthumb -I.\core -I.\Libraries\SPI -I.\Libraries\Wire -I.\Libraries\APDS9960 -I.\Libraries\MicroOLED -I.\Libraries\WiFi\src -I.\Libraries\Servo -I.\Libraries\WS281x -I. -IGenerated_Source\PSoC5 -Wa,-alh=.\CortexM3\ARM_GCC_541\Release/BootloaderResetInterrupt.lst -g -D NDEBUG -Wall -ffunction-sections -ffat-lto-objects -finline-functions -flto -Os -c Generated_Source\PSoC5\BootloaderResetInterrupt.c -o .\CortexM3\ARM_GCC_541\Release\BootloaderResetInterrupt.o
arm-none-eabi-gcc.exe -mcpu=cortex-m3 -mthumb -I.\core -I.\Libraries\SPI -I.\Libraries\Wire -I.\Libraries\APDS9960 -I.\Libraries\MicroOLED -I.\Libraries\WiFi\src -I.\Libraries\Servo -I.\Libraries\WS281x -I. -IGenerated_Source\PSoC5 -Wa,-alh=.\CortexM3\ARM_GCC_541\Release/WSDriver.lst -g -D NDEBUG -Wall -ffunction-sections -ffat-lto-objects -finline-functions -flto -Os -c Generated_Source\PSoC5\WSDriver.c -o .\CortexM3\ARM_GCC_541\Release\WSDriver.o
Generated_Source\PSoC5\WSDriver.c: In function 'WSDriver_GetPixel':
Generated_Source\PSoC5\WSDriver.c:602:11: warning: 'color' may be used uninitialized in this function [-Wmaybe-uninitialized]
     return(color);
           ^
arm-none-eabi-gcc.exe -mcpu=cortex-m3 -mthumb -I.\core -I.\Libraries\SPI -I.\Libraries\Wire -I.\Libraries\APDS9960 -I.\Libraries\MicroOLED -I.\Libraries\WiFi\src -I.\Libraries\Servo -I.\Libraries\WS281x -I. -IGenerated_Source\PSoC5 -Wa,-alh=.\CortexM3\ARM_GCC_541\Release/WSDriver_fonts.lst -g -D NDEBUG -Wall -ffunction-sections -ffat-lto-objects -finline-functions -flto -Os -c Generated_Source\PSoC5\WSDriver_fonts.c -o .\CortexM3\ARM_GCC_541\Release\WSDriver_fonts.o
arm-none-eabi-gcc.exe -mcpu=cortex-m3 -mthumb -I.\core -I.\Libraries\SPI -I.\Libraries\Wire -I.\Libraries\APDS9960 -I.\Libraries\MicroOLED -I.\Libraries\WiFi\src -I.\Libraries\Servo -I.\Libraries\WS281x -I. -IGenerated_Source\PSoC5 -Wa,-alh=.\CortexM3\ARM_GCC_541\Release/Clock_2.lst -g -D NDEBUG -Wall -ffunction-sections -ffat-lto-objects -finline-functions -flto -Os -c Generated_Source\PSoC5\Clock_2.c -o .\CortexM3\ARM_GCC_541\Release\Clock_2.o
arm-none-eabi-gcc.exe -mcpu=cortex-m3 -mthumb -I.\core -I.\Libraries\SPI -I.\Libraries\Wire -I.\Libraries\APDS9960 -I.\Libraries\MicroOLED -I.\Libraries\WiFi\src -I.\Libraries\Servo -I.\Libraries\WS281x -I. -IGenerated_Source\PSoC5 -Wa,-alh=.\CortexM3\ARM_GCC_541\Release/PWM_Reg_3.lst -g -D NDEBUG -Wall -ffunction-sections -ffat-lto-objects -finline-functions -flto -Os -c Generated_Source\PSoC5\PWM_Reg_3.c -o .\CortexM3\ARM_GCC_541\Release\PWM_Reg_3.o
arm-none-eabi-gcc.exe -mcpu=cortex-m3 -mthumb -I.\core -I.\Libraries\SPI -I.\Libraries\Wire -I.\Libraries\APDS9960 -I.\Libraries\MicroOLED -I.\Libraries\WiFi\src -I.\Libraries\Servo -I.\Libraries\WS281x -I. -IGenerated_Source\PSoC5 -Wa,-alh=.\CortexM3\ARM_GCC_541\Release/PWM_Reg_3_PM.lst -g -D NDEBUG -Wall -ffunction-sections -ffat-lto-objects -finline-functions -flto -Os -c Generated_Source\PSoC5\PWM_Reg_3_PM.c -o .\CortexM3\ARM_GCC_541\Release\PWM_Reg_3_PM.o
arm-none-eabi-gcc.exe -mcpu=cortex-m3 -mthumb -I.\core -I.\Libraries\SPI -I.\Libraries\Wire -I.\Libraries\APDS9960 -I.\Libraries\MicroOLED -I.\Libraries\WiFi\src -I.\Libraries\Servo -I.\Libraries\WS281x -I. -IGenerated_Source\PSoC5 -Wa,-alh=.\CortexM3\ARM_GCC_541\Release/PWM_Reg_5.lst -g -D NDEBUG -Wall -ffunction-sections -ffat-lto-objects -finline-functions -flto -Os -c Generated_Source\PSoC5\PWM_Reg_5.c -o .\CortexM3\ARM_GCC_541\Release\PWM_Reg_5.o
arm-none-eabi-gcc.exe -mcpu=cortex-m3 -mthumb -I.\core -I.\Libraries\SPI -I.\Libraries\Wire -I.\Libraries\APDS9960 -I.\Libraries\MicroOLED -I.\Libraries\WiFi\src -I.\Libraries\Servo -I.\Libraries\WS281x -I. -IGenerated_Source\PSoC5 -Wa,-alh=.\CortexM3\ARM_GCC_541\Release/PWM_Reg_5_PM.lst -g -D NDEBUG -Wall -ffunction-sections -ffat-lto-objects -finline-functions -flto -Os -c Generated_Source\PSoC5\PWM_Reg_5_PM.c -o .\CortexM3\ARM_GCC_541\Release\PWM_Reg_5_PM.o
arm-none-eabi-gcc.exe -mcpu=cortex-m3 -mthumb -I.\core -I.\Libraries\SPI -I.\Libraries\Wire -I.\Libraries\APDS9960 -I.\Libraries\MicroOLED -I.\Libraries\WiFi\src -I.\Libraries\Servo -I.\Libraries\WS281x -I. -IGenerated_Source\PSoC5 -Wa,-alh=.\CortexM3\ARM_GCC_541\Release/PWM_Reg_6.lst -g -D NDEBUG -Wall -ffunction-sections -ffat-lto-objects -finline-functions -flto -Os -c Generated_Source\PSoC5\PWM_Reg_6.c -o .\CortexM3\ARM_GCC_541\Release\PWM_Reg_6.o
arm-none-eabi-gcc.exe -mcpu=cortex-m3 -mthumb -I.\core -I.\Libraries\SPI -I.\Libraries\Wire -I.\Libraries\APDS9960 -I.\Libraries\MicroOLED -I.\Libraries\WiFi\src -I.\Libraries\Servo -I.\Libraries\WS281x -I. -IGenerated_Source\PSoC5 -Wa,-alh=.\CortexM3\ARM_GCC_541\Release/PWM_Reg_6_PM.lst -g -D NDEBUG -Wall -ffunction-sections -ffat-lto-objects -finline-functions -flto -Os -c Generated_Source\PSoC5\PWM_Reg_6_PM.c -o .\CortexM3\ARM_GCC_541\Release\PWM_Reg_6_PM.o
arm-none-eabi-gcc.exe -mcpu=cortex-m3 -mthumb -I.\core -I.\Libraries\SPI -I.\Libraries\Wire -I.\Libraries\APDS9960 -I.\Libraries\MicroOLED -I.\Libraries\WiFi\src -I.\Libraries\Servo -I.\Libraries\WS281x -I. -IGenerated_Source\PSoC5 -Wa,-alh=.\CortexM3\ARM_GCC_541\Release/PWM_Reg_9.lst -g -D NDEBUG -Wall -ffunction-sections -ffat-lto-objects -finline-functions -flto -Os -c Generated_Source\PSoC5\PWM_Reg_9.c -o .\CortexM3\ARM_GCC_541\Release\PWM_Reg_9.o
arm-none-eabi-gcc.exe -mcpu=cortex-m3 -mthumb -I.\core -I.\Libraries\SPI -I.\Libraries\Wire -I.\Libraries\APDS9960 -I.\Libraries\MicroOLED -I.\Libraries\WiFi\src -I.\Libraries\Servo -I.\Libraries\WS281x -I. -IGenerated_Source\PSoC5 -Wa,-alh=.\CortexM3\ARM_GCC_541\Release/PWM_Reg_9_PM.lst -g -D NDEBUG -Wall -ffunction-sections -ffat-lto-objects -finline-functions -flto -Os -c Generated_Source\PSoC5\PWM_Reg_9_PM.c -o .\CortexM3\ARM_GCC_541\Release\PWM_Reg_9_PM.o
arm-none-eabi-gcc.exe -mcpu=cortex-m3 -mthumb -I.\core -I.\Libraries\SPI -I.\Libraries\Wire -I.\Libraries\APDS9960 -I.\Libraries\MicroOLED -I.\Libraries\WiFi\src -I.\Libraries\Servo -I.\Libraries\WS281x -I. -IGenerated_Source\PSoC5 -Wa,-alh=.\CortexM3\ARM_GCC_541\Release/PWM_Reg_10.lst -g -D NDEBUG -Wall -ffunction-sections -ffat-lto-objects -finline-functions -flto -Os -c Generated_Source\PSoC5\PWM_Reg_10.c -o .\CortexM3\ARM_GCC_541\Release\PWM_Reg_10.o
arm-none-eabi-gcc.exe -mcpu=cortex-m3 -mthumb -I.\core -I.\Libraries\SPI -I.\Libraries\Wire -I.\Libraries\APDS9960 -I.\Libraries\MicroOLED -I.\Libraries\WiFi\src -I.\Libraries\Servo -I.\Libraries\WS281x -I. -IGenerated_Source\PSoC5 -Wa,-alh=.\CortexM3\ARM_GCC_541\Release/PWM_Reg_10_PM.lst -g -D NDEBUG -Wall -ffunction-sections -ffat-lto-objects -finline-functions -flto -Os -c Generated_Source\PSoC5\PWM_Reg_10_PM.c -o .\CortexM3\ARM_GCC_541\Release\PWM_Reg_10_PM.o
arm-none-eabi-gcc.exe -mcpu=cortex-m3 -mthumb -I.\core -I.\Libraries\SPI -I.\Libraries\Wire -I.\Libraries\APDS9960 -I.\Libraries\MicroOLED -I.\Libraries\WiFi\src -I.\Libraries\Servo -I.\Libraries\WS281x -I. -IGenerated_Source\PSoC5 -Wa,-alh=.\CortexM3\ARM_GCC_541\Release/PWM_Reg_11.lst -g -D NDEBUG -Wall -ffunction-sections -ffat-lto-objects -finline-functions -flto -Os -c Generated_Source\PSoC5\PWM_Reg_11.c -o .\CortexM3\ARM_GCC_541\Release\PWM_Reg_11.o
arm-none-eabi-gcc.exe -mcpu=cortex-m3 -mthumb -I.\core -I.\Libraries\SPI -I.\Libraries\Wire -I.\Libraries\APDS9960 -I.\Libraries\MicroOLED -I.\Libraries\WiFi\src -I.\Libraries\Servo -I.\Libraries\WS281x -I. -IGenerated_Source\PSoC5 -Wa,-alh=.\CortexM3\ARM_GCC_541\Release/PWM_Reg_11_PM.lst -g -D NDEBUG -Wall -ffunction-sections -ffat-lto-objects -finline-functions -flto -Os -c Generated_Source\PSoC5\PWM_Reg_11_PM.c -o .\CortexM3\ARM_GCC_541\Release\PWM_Reg_11_PM.o
arm-none-eabi-gcc.exe -mcpu=cortex-m3 -mthumb -I.\core -I.\Libraries\SPI -I.\Libraries\Wire -I.\Libraries\APDS9960 -I.\Libraries\MicroOLED -I.\Libraries\WiFi\src -I.\Libraries\Servo -I.\Libraries\WS281x -I. -IGenerated_Source\PSoC5 -Wa,-alh=.\CortexM3\ARM_GCC_541\Release/Clock_5.lst -g -D NDEBUG -Wall -ffunction-sections -ffat-lto-objects -finline-functions -flto -Os -c Generated_Source\PSoC5\Clock_5.c -o .\CortexM3\ARM_GCC_541\Release\Clock_5.o
arm-none-eabi-gcc.exe -mcpu=cortex-m3 -mthumb -I.\core -I.\Libraries\SPI -I.\Libraries\Wire -I.\Libraries\APDS9960 -I.\Libraries\MicroOLED -I.\Libraries\WiFi\src -I.\Libraries\Servo -I.\Libraries\WS281x -I. -IGenerated_Source\PSoC5 -Wa,-alh=.\CortexM3\ARM_GCC_541\Release/Bootloadable.lst -g -D NDEBUG -Wall -ffunction-sections -ffat-lto-objects -finline-functions -flto -Os -c Generated_Source\PSoC5\Bootloadable.c -o .\CortexM3\ARM_GCC_541\Release\Bootloadable.o
arm-none-eabi-gcc.exe -mcpu=cortex-m3 -mthumb -I.\core -I.\Libraries\SPI -I.\Libraries\Wire -I.\Libraries\APDS9960 -I.\Libraries\MicroOLED -I.\Libraries\WiFi\src -I.\Libraries\Servo -I.\Libraries\WS281x -I. -IGenerated_Source\PSoC5 -Wa,-alh=.\CortexM3\ARM_GCC_541\Release/ADC_IRQ.lst -g -D NDEBUG -Wall -ffunction-sections -ffat-lto-objects -finline-functions -flto -Os -c Generated_Source\PSoC5\ADC_IRQ.c -o .\CortexM3\ARM_GCC_541\Release\ADC_IRQ.o
arm-none-eabi-gcc.exe -mcpu=cortex-m3 -mthumb -I.\core -I.\Libraries\SPI -I.\Libraries\Wire -I.\Libraries\APDS9960 -I.\Libraries\MicroOLED -I.\Libraries\WiFi\src -I.\Libraries\Servo -I.\Libraries\WS281x -I. -IGenerated_Source\PSoC5 -Wa,-alh=.\CortexM3\ARM_GCC_541\Release/ADC_theACLK.lst -g -D NDEBUG -Wall -ffunction-sections -ffat-lto-objects -finline-functions -flto -Os -c Generated_Source\PSoC5\ADC_theACLK.c -o .\CortexM3\ARM_GCC_541\Release\ADC_theACLK.o
arm-none-eabi-gcc.exe -mcpu=cortex-m3 -mthumb -I.\core -I.\Libraries\SPI -I.\Libraries\Wire -I.\Libraries\APDS9960 -I.\Libraries\MicroOLED -I.\Libraries\WiFi\src -I.\Libraries\Servo -I.\Libraries\WS281x -I. -IGenerated_Source\PSoC5 -Wa,-alh=.\CortexM3\ARM_GCC_541\Release/USBUART_Dm.lst -g -D NDEBUG -Wall -ffunction-sections -ffat-lto-objects -finline-functions -flto -Os -c Generated_Source\PSoC5\USBUART_Dm.c -o .\CortexM3\ARM_GCC_541\Release\USBUART_Dm.o
arm-none-eabi-gcc.exe -mcpu=cortex-m3 -mthumb -I.\core -I.\Libraries\SPI -I.\Libraries\Wire -I.\Libraries\APDS9960 -I.\Libraries\MicroOLED -I.\Libraries\WiFi\src -I.\Libraries\Servo -I.\Libraries\WS281x -I. -IGenerated_Source\PSoC5 -Wa,-alh=.\CortexM3\ARM_GCC_541\Release/USBUART_Dp.lst -g -D NDEBUG -Wall -ffunction-sections -ffat-lto-objects -finline-functions -flto -Os -c Generated_Source\PSoC5\USBUART_Dp.c -o .\CortexM3\ARM_GCC_541\Release\USBUART_Dp.o
arm-none-eabi-gcc.exe -mcpu=cortex-m3 -mthumb -I.\core -I.\Libraries\SPI -I.\Libraries\Wire -I.\Libraries\APDS9960 -I.\Libraries\MicroOLED -I.\Libraries\WiFi\src -I.\Libraries\Servo -I.\Libraries\WS281x -I. -IGenerated_Source\PSoC5 -Wa,-alh=.\CortexM3\ARM_GCC_541\Release/WSDriver_Clock.lst -g -D NDEBUG -Wall -ffunction-sections -ffat-lto-objects -finline-functions -flto -Os -c Generated_Source\PSoC5\WSDriver_Clock.c -o .\CortexM3\ARM_GCC_541\Release\WSDriver_Clock.o
arm-none-eabi-gcc.exe -mcpu=cortex-m3 -mthumb -I.\core -I.\Libraries\SPI -I.\Libraries\Wire -I.\Libraries\APDS9960 -I.\Libraries\MicroOLED -I.\Libraries\WiFi\src -I.\Libraries\Servo -I.\Libraries\WS281x -I. -IGenerated_Source\PSoC5 -Wa,-alh=.\CortexM3\ARM_GCC_541\Release/WSDriver_StringSel.lst -g -D NDEBUG -Wall -ffunction-sections -ffat-lto-objects -finline-functions -flto -Os -c Generated_Source\PSoC5\WSDriver_StringSel.c -o .\CortexM3\ARM_GCC_541\Release\WSDriver_StringSel.o
arm-none-eabi-gcc.exe -mcpu=cortex-m3 -mthumb -I.\core -I.\Libraries\SPI -I.\Libraries\Wire -I.\Libraries\APDS9960 -I.\Libraries\MicroOLED -I.\Libraries\WiFi\src -I.\Libraries\Servo -I.\Libraries\WS281x -I. -IGenerated_Source\PSoC5 -Wa,-alh=.\CortexM3\ARM_GCC_541\Release/WSDriver_StringSel_PM.lst -g -D NDEBUG -Wall -ffunction-sections -ffat-lto-objects -finline-functions -flto -Os -c Generated_Source\PSoC5\WSDriver_StringSel_PM.c -o .\CortexM3\ARM_GCC_541\Release\WSDriver_StringSel_PM.o
arm-none-eabi-gcc.exe -mcpu=cortex-m3 -mthumb -I.\core -I.\Libraries\SPI -I.\Libraries\Wire -I.\Libraries\APDS9960 -I.\Libraries\MicroOLED -I.\Libraries\WiFi\src -I.\Libraries\Servo -I.\Libraries\WS281x -I. -IGenerated_Source\PSoC5 -Wa,-alh=.\CortexM3\ARM_GCC_541\Release/WSDriver_fisr.lst -g -D NDEBUG -Wall -ffunction-sections -ffat-lto-objects -finline-functions -flto -Os -c Generated_Source\PSoC5\WSDriver_fisr.c -o .\CortexM3\ARM_GCC_541\Release\WSDriver_fisr.o
arm-none-eabi-gcc.exe -mcpu=cortex-m3 -mthumb -I.\core -I.\Libraries\SPI -I.\Libraries\Wire -I.\Libraries\APDS9960 -I.\Libraries\MicroOLED -I.\Libraries\WiFi\src -I.\Libraries\Servo -I.\Libraries\WS281x -I. -IGenerated_Source\PSoC5 -Wa,-alh=.\CortexM3\ARM_GCC_541\Release/WSDriver_cisr.lst -g -D NDEBUG -Wall -ffunction-sections -ffat-lto-objects -finline-functions -flto -Os -c Generated_Source\PSoC5\WSDriver_cisr.c -o .\CortexM3\ARM_GCC_541\Release\WSDriver_cisr.o
arm-none-eabi-gcc.exe -mcpu=cortex-m3 -mthumb -I.\core -I.\Libraries\SPI -I.\Libraries\Wire -I.\Libraries\APDS9960 -I.\Libraries\MicroOLED -I.\Libraries\WiFi\src -I.\Libraries\Servo -I.\Libraries\WS281x -I. -IGenerated_Source\PSoC5 -Wa,-alh=.\CortexM3\ARM_GCC_541\Release/cy_em_eeprom.lst -g -D NDEBUG -Wall -ffunction-sections -ffat-lto-objects -finline-functions -flto -Os -c Generated_Source\PSoC5\cy_em_eeprom.c -o .\CortexM3\ARM_GCC_541\Release\cy_em_eeprom.o
arm-none-eabi-gcc.exe -mcpu=cortex-m3 -mthumb -I.\core -I.\Libraries\SPI -I.\Libraries\Wire -I.\Libraries\APDS9960 -I.\Libraries\MicroOLED -I.\Libraries\WiFi\src -I.\Libraries\Servo -I.\Libraries\WS281x -I. -IGenerated_Source\PSoC5 -Wa,-alh=.\CortexM3\ARM_GCC_541\Release/Cm3Start.lst -g -D NDEBUG -Wall -ffunction-sections -ffat-lto-objects -finline-functions -flto -Os -c Generated_Source\PSoC5\Cm3Start.c -o .\CortexM3\ARM_GCC_541\Release\Cm3Start.o
arm-none-eabi-gcc.exe -mcpu=cortex-m3 -mthumb -I.\core -I.\Libraries\SPI -I.\Libraries\Wire -I.\Libraries\APDS9960 -I.\Libraries\MicroOLED -I.\Libraries\WiFi\src -I.\Libraries\Servo -I.\Libraries\WS281x -I. -IGenerated_Source\PSoC5 -Wa,-alh=.\CortexM3\ARM_GCC_541\Release/CyDmac.lst -g -D NDEBUG -Wall -ffunction-sections -ffat-lto-objects -finline-functions -flto -Os -c Generated_Source\PSoC5\CyDmac.c -o .\CortexM3\ARM_GCC_541\Release\CyDmac.o
arm-none-eabi-gcc.exe -mcpu=cortex-m3 -mthumb -I.\core -I.\Libraries\SPI -I.\Libraries\Wire -I.\Libraries\APDS9960 -I.\Libraries\MicroOLED -I.\Libraries\WiFi\src -I.\Libraries\Servo -I.\Libraries\WS281x -I. -IGenerated_Source\PSoC5 -Wa,-alh=.\CortexM3\ARM_GCC_541\Release/CyFlash.lst -g -D NDEBUG -Wall -ffunction-sections -ffat-lto-objects -finline-functions -flto -Os -c Generated_Source\PSoC5\CyFlash.c -o .\CortexM3\ARM_GCC_541\Release\CyFlash.o
arm-none-eabi-gcc.exe -mcpu=cortex-m3 -mthumb -I.\core -I.\Libraries\SPI -I.\Libraries\Wire -I.\Libraries\APDS9960 -I.\Libraries\MicroOLED -I.\Libraries\WiFi\src -I.\Libraries\Servo -I.\Libraries\WS281x -I. -IGenerated_Source\PSoC5 -Wa,-alh=.\CortexM3\ARM_GCC_541\Release/CyLib.lst -g -D NDEBUG -Wall -ffunction-sections -ffat-lto-objects -finline-functions -flto -Os -c Generated_Source\PSoC5\CyLib.c -o .\CortexM3\ARM_GCC_541\Release\CyLib.o
arm-none-eabi-gcc.exe -mcpu=cortex-m3 -mthumb -I.\core -I.\Libraries\SPI -I.\Libraries\Wire -I.\Libraries\APDS9960 -I.\Libraries\MicroOLED -I.\Libraries\WiFi\src -I.\Libraries\Servo -I.\Libraries\WS281x -I. -IGenerated_Source\PSoC5 -Wa,-alh=.\CortexM3\ARM_GCC_541\Release/cyPm.lst -g -D NDEBUG -Wall -ffunction-sections -ffat-lto-objects -finline-functions -flto -Os -c Generated_Source\PSoC5\cyPm.c -o .\CortexM3\ARM_GCC_541\Release\cyPm.o
arm-none-eabi-gcc.exe -mcpu=cortex-m3 -mthumb -I.\core -I.\Libraries\SPI -I.\Libraries\Wire -I.\Libraries\APDS9960 -I.\Libraries\MicroOLED -I.\Libraries\WiFi\src -I.\Libraries\Servo -I.\Libraries\WS281x -I. -IGenerated_Source\PSoC5 -Wa,-alh=.\CortexM3\ARM_GCC_541\Release/CySpc.lst -g -D NDEBUG -Wall -ffunction-sections -ffat-lto-objects -finline-functions -flto -Os -c Generated_Source\PSoC5\CySpc.c -o .\CortexM3\ARM_GCC_541\Release\CySpc.o
arm-none-eabi-gcc.exe -mcpu=cortex-m3 -mthumb -I.\core -I.\Libraries\SPI -I.\Libraries\Wire -I.\Libraries\APDS9960 -I.\Libraries\MicroOLED -I.\Libraries\WiFi\src -I.\Libraries\Servo -I.\Libraries\WS281x -I. -IGenerated_Source\PSoC5 -Wa,-alh=.\CortexM3\ARM_GCC_541\Release/cyutils.lst -g -D NDEBUG -Wall -ffunction-sections -ffat-lto-objects -finline-functions -flto -Os -c Generated_Source\PSoC5\cyutils.c -o .\CortexM3\ARM_GCC_541\Release\cyutils.o
arm-none-eabi-as.exe -mcpu=cortex-m3 -mthumb -I. -IGenerated_Source\PSoC5 -alh=.\CortexM3\ARM_GCC_541\Release/CyBootAsmGnu.lst -g -o .\CortexM3\ARM_GCC_541\Release\CyBootAsmGnu.o Generated_Source\PSoC5\CyBootAsmGnu.s
arm-none-eabi-ar.exe -rs .\CortexM3\ARM_GCC_541\Release\Uno_blocks.a .\CortexM3\ARM_GCC_541\Release\ADC.o .\CortexM3\ARM_GCC_541\Release\ADC_INT.o .\CortexM3\ARM_GCC_541\Release\ADC_PM.o .\CortexM3\ARM_GCC_541\Release\ADC_Mux.o .\CortexM3\ARM_GCC_541\Release\I2C.o .\CortexM3\ARM_GCC_541\Release\I2C_BOOT.o .\CortexM3\ARM_GCC_541\Release\I2C_INT.o .\CortexM3\ARM_GCC_541\Release\I2C_PM.o .\CortexM3\ARM_GCC_541\Release\I2C_SLAVE.o .\CortexM3\ARM_GCC_541\Release\I2C_MASTER.o .\CortexM3\ARM_GCC_541\Release\D10_Ctrl.o .\CortexM3\ARM_GCC_541\Release\D10_Ctrl_PM.o .\CortexM3\ARM_GCC_541\Release\D11_Ctrl.o .\CortexM3\ARM_GCC_541\Release\D11_Ctrl_PM.o .\CortexM3\ARM_GCC_541\Release\SPIM.o .\CortexM3\ARM_GCC_541\Release\SPIM_PM.o .\CortexM3\ARM_GCC_541\Release\SPIM_INT.o .\CortexM3\ARM_GCC_541\Release\PRS.o .\CortexM3\ARM_GCC_541\Release\PRS_PM.o .\CortexM3\ARM_GCC_541\Release\ToneTimer.o .\CortexM3\ARM_GCC_541\Release\ToneTimer_PM.o .\CortexM3\ARM_GCC_541\Release\Micros_Counter.o .\CortexM3\ARM_GCC_541\Release\Micros_Counter_PM.o .\CortexM3\ARM_GCC_541\Release\Tone_Interrupt.o .\CortexM3\ARM_GCC_541\Release\Millis_Counter.o .\CortexM3\ARM_GCC_541\Release\Millis_Counter_PM.o .\CortexM3\ARM_GCC_541\Release\Clock_3.o .\CortexM3\ARM_GCC_541\Release\I2C_Enable.o .\CortexM3\ARM_GCC_541\Release\I2C_Enable_PM.o .\CortexM3\ARM_GCC_541\Release\USBUART.o .\CortexM3\ARM_GCC_541\Release\USBUART_audio.o .\CortexM3\ARM_GCC_541\Release\USBUART_boot.o .\CortexM3\ARM_GCC_541\Release\USBUART_cdc.o .\CortexM3\ARM_GCC_541\Release\USBUART_cls.o .\CortexM3\ARM_GCC_541\Release\USBUART_descr.o .\CortexM3\ARM_GCC_541\Release\USBUART_drv.o .\CortexM3\ARM_GCC_541\Release\USBUART_episr.o .\CortexM3\ARM_GCC_541\Release\USBUART_hid.o .\CortexM3\ARM_GCC_541\Release\USBUART_pm.o .\CortexM3\ARM_GCC_541\Release\USBUART_std.o .\CortexM3\ARM_GCC_541\Release\USBUART_vnd.o .\CortexM3\ARM_GCC_541\Release\USBUART_midi.o .\CortexM3\ARM_GCC_541\Release\USBUART_msc.o .\CortexM3\ARM_GCC_541\Release\UART.o .\CortexM3\ARM_GCC_541\Release\UART_PM.o .\CortexM3\ARM_GCC_541\Release\UART_INT.o .\CortexM3\ARM_GCC_541\Release\UART_BOOT.o .\CortexM3\ARM_GCC_541\Release\UART_Clock.o .\CortexM3\ARM_GCC_541\Release\HW_INT.o .\CortexM3\ARM_GCC_541\Release\SPI_Clock_In.o .\CortexM3\ARM_GCC_541\Release\SPI_MODE_REG.o .\CortexM3\ARM_GCC_541\Release\SPI_MODE_REG_PM.o .\CortexM3\ARM_GCC_541\Release\SPI_SS_Stretch.o .\CortexM3\ARM_GCC_541\Release\SPI_SS_Stretch_PM.o .\CortexM3\ARM_GCC_541\Release\UserButton.o .\CortexM3\ARM_GCC_541\Release\DA.o .\CortexM3\ARM_GCC_541\Release\ServoInterrupt.o .\CortexM3\ARM_GCC_541\Release\Clock_12.o .\CortexM3\ARM_GCC_541\Release\ServoCounter.o .\CortexM3\ARM_GCC_541\Release\ServoCounter_PM.o .\CortexM3\ARM_GCC_541\Release\BootloaderResetTimer.o .\CortexM3\ARM_GCC_541\Release\BootloaderResetTimer_PM.o .\CortexM3\ARM_GCC_541\Release\BootloaderResetInterrupt.o .\CortexM3\ARM_GCC_541\Release\WSDriver.o .\CortexM3\ARM_GCC_541\Release\WSDriver_fonts.o .\CortexM3\ARM_GCC_541\Release\Clock_2.o .\CortexM3\ARM_GCC_541\Release\PWM_Reg_3.o .\CortexM3\ARM_GCC_541\Release\PWM_Reg_3_PM.o .\CortexM3\ARM_GCC_541\Release\PWM_Reg_5.o .\CortexM3\ARM_GCC_541\Release\PWM_Reg_5_PM.o .\CortexM3\ARM_GCC_541\Release\PWM_Reg_6.o .\CortexM3\ARM_GCC_541\Release\PWM_Reg_6_PM.o .\CortexM3\ARM_GCC_541\Release\PWM_Reg_9.o .\CortexM3\ARM_GCC_541\Release\PWM_Reg_9_PM.o .\CortexM3\ARM_GCC_541\Release\PWM_Reg_10.o .\CortexM3\ARM_GCC_541\Release\PWM_Reg_10_PM.o .\CortexM3\ARM_GCC_541\Release\PWM_Reg_11.o .\CortexM3\ARM_GCC_541\Release\PWM_Reg_11_PM.o .\CortexM3\ARM_GCC_541\Release\Clock_5.o .\CortexM3\ARM_GCC_541\Release\Bootloadable.o .\CortexM3\ARM_GCC_541\Release\ADC_IRQ.o .\CortexM3\ARM_GCC_541\Release\ADC_theACLK.o .\CortexM3\ARM_GCC_541\Release\USBUART_Dm.o .\CortexM3\ARM_GCC_541\Release\USBUART_Dp.o .\CortexM3\ARM_GCC_541\Release\WSDriver_Clock.o .\CortexM3\ARM_GCC_541\Release\WSDriver_StringSel.o .\CortexM3\ARM_GCC_541\Release\WSDriver_StringSel_PM.o .\CortexM3\ARM_GCC_541\Release\WSDriver_fisr.o .\CortexM3\ARM_GCC_541\Release\WSDriver_cisr.o .\CortexM3\ARM_GCC_541\Release\cy_em_eeprom.o .\CortexM3\ARM_GCC_541\Release\CyDmac.o .\CortexM3\ARM_GCC_541\Release\CyFlash.o .\CortexM3\ARM_GCC_541\Release\CyLib.o .\CortexM3\ARM_GCC_541\Release\cyPm.o .\CortexM3\ARM_GCC_541\Release\CySpc.o .\CortexM3\ARM_GCC_541\Release\cyutils.o .\CortexM3\ARM_GCC_541\Release\CyBootAsmGnu.o
arm-none-eabi-ar.exe: creating .\CortexM3\ARM_GCC_541\Release\Uno_blocks.a
arm-none-eabi-gcc.exe -Wl,--start-group -o "C:\Users\fm\Documents\PSoC Creator\PSoC_Arduino_Support-master\PSoC_Arduino_Support-master\Uno_blocks.cydsn\CortexM3\ARM_GCC_541\Release\Uno_blocks.elf" .\CortexM3\ARM_GCC_541\Release\itoa.o .\CortexM3\ARM_GCC_541\Release\Arduino_Advanced_IO.o .\CortexM3\ARM_GCC_541\Release\Arduino_Analog_In.o .\CortexM3\ARM_GCC_541\Release\Arduino_Analog_Out.o .\CortexM3\ARM_GCC_541\Release\Arduino_HW_Interrupt.o .\CortexM3\ARM_GCC_541\Release\Arduino_Pins.o .\CortexM3\ARM_GCC_541\Release\Arduino_Random.o .\CortexM3\ARM_GCC_541\Release\Arduino_Serial.o .\CortexM3\ARM_GCC_541\Release\Arduino_Time.o .\CortexM3\ARM_GCC_541\Release\Arduino_Tone.o .\CortexM3\ARM_GCC_541\Release\Print.o .\CortexM3\ARM_GCC_541\Release\Stream.o .\CortexM3\ARM_GCC_541\Release\UARTClass.o .\CortexM3\ARM_GCC_541\Release\WString.o .\CortexM3\ARM_GCC_541\Release\dtostrf.o .\CortexM3\ARM_GCC_541\Release\main.o .\CortexM3\ARM_GCC_541\Release\sketch.o .\CortexM3\ARM_GCC_541\Release\IPAddress.o .\CortexM3\ARM_GCC_541\Release\Arduino_Math.o .\CortexM3\ARM_GCC_541\Release\Arduino_I2C.o .\CortexM3\ARM_GCC_541\Release\SPI.o .\CortexM3\ARM_GCC_541\Release\Servo.o .\CortexM3\ARM_GCC_541\Release\WS281x.o .\CortexM3\ARM_GCC_541\Release\cyfitter_cfg.o .\CortexM3\ARM_GCC_541\Release\cybootloader.o .\CortexM3\ARM_GCC_541\Release\cymetadata.o .\CortexM3\ARM_GCC_541\Release\Cm3Start.o .\CortexM3\ARM_GCC_541\Release\Uno_blocks.a "C:\Program Files (x86)\Cypress\PSoC Creator\4.2\PSoC Creator\psoc\content\cycomponentlibrary\CyComponentLibrary.cylib\CortexM3\ARM_GCC_541\Release\CyComponentLibrary.a" -mcpu=cortex-m3 -mthumb -l m -L Generated_Source\PSoC5 -Wl,-Map,.\CortexM3\ARM_GCC_541\Release/Uno_blocks.map -T Generated_Source\PSoC5\cm3gcc.ld -Wl,--gc-sections -lstdc++ -g -ffunction-sections -finline-functions -Os -flto -ffat-lto-objects -Wl,--end-group
cyelftool.exe -B "C:\Users\fm\Documents\PSoC Creator\PSoC_Arduino_Support-master\PSoC_Arduino_Support-master\Uno_blocks.cydsn\CortexM3\ARM_GCC_541\Release\Uno_blocks.elf" --flash_row_size 256 --flash_size 262144 --flash_offset 0x00000000 --flash_array_size 65536 --ee_array 64 --ee_array_size 2048 --ee_row_size 16
No ELF section .cychecksum found, creating one
Application checksum calculated and stored in ELF section .cychecksum
Checksum calculated and stored in ELF section .cymeta
cyelftool.exe -S "C:\Users\fm\Documents\PSoC Creator\PSoC_Arduino_Support-master\PSoC_Arduino_Support-master\Uno_blocks.cydsn\CortexM3\ARM_GCC_541\Release\Uno_blocks.elf"
Flash used: 100776 of 262144 bytes (38,4 %). Bootloader: 16896 bytes. Application: 83624 bytes. Metadata: 256 bytes.
SRAM used: 36144 of 65536 bytes (55,2 %). Stack: 16384 bytes. Heap: 16384 bytes.
--------------- Rebuild Succeeded: 07/14/2018 10:48:58 ---------------
